{"D:\\code\\awesome-code\\music-player\\src\\components\\OnlineMusic.css": {"path":"D:\\code\\awesome-code\\music-player\\src\\components\\OnlineMusic.css","statementMap":{},"fnMap":{},"branchMap":{},"s":{},"f":{},"b":{},"meta":{"lastBranch":0,"lastFunction":0,"lastStatement":0,"seen":{}}}
,"D:\\code\\awesome-code\\music-player\\src\\components\\OnlineMusic.tsx": {"path":"D:\\code\\awesome-code\\music-player\\src\\components\\OnlineMusic.tsx","statementMap":{"0":{"start":{"line":26,"column":36},"end":{"line":26,"column":null}},"1":{"start":{"line":27,"column":40},"end":{"line":27,"column":null}},"2":{"start":{"line":28,"column":36},"end":{"line":28,"column":null}},"3":{"start":{"line":29,"column":24},"end":{"line":29,"column":null}},"4":{"start":{"line":30,"column":40},"end":{"line":30,"column":null}},"5":{"start":{"line":31,"column":32},"end":{"line":31,"column":null}},"6":{"start":{"line":32,"column":38},"end":{"line":32,"column":null}},"7":{"start":{"line":33,"column":38},"end":{"line":33,"column":null}},"8":{"start":{"line":35,"column":65},"end":{"line":35,"column":null}},"9":{"start":{"line":37,"column":8},"end":{"line":39,"column":null}},"10":{"start":{"line":38,"column":4},"end":{"line":38,"column":null}},"11":{"start":{"line":41,"column":2},"end":{"line":62,"column":null}},"12":{"start":{"line":42,"column":21},"end":{"line":42,"column":null}},"13":{"start":{"line":43,"column":4},"end":{"line":43,"column":null}},"14":{"start":{"line":45,"column":4},"end":{"line":45,"column":null}},"15":{"start":{"line":46,"column":4},"end":{"line":46,"column":null}},"16":{"start":{"line":48,"column":24},"end":{"line":48,"column":null}},"17":{"start":{"line":50,"column":4},"end":{"line":52,"column":null}},"18":{"start":{"line":51,"column":6},"end":{"line":51,"column":null}},"19":{"start":{"line":54,"column":4},"end":{"line":57,"column":null}},"20":{"start":{"line":55,"column":6},"end":{"line":55,"column":null}},"21":{"start":{"line":56,"column":6},"end":{"line":56,"column":null}},"22":{"start":{"line":59,"column":4},"end":{"line":61,"column":null}},"23":{"start":{"line":60,"column":6},"end":{"line":60,"column":null}},"24":{"start":{"line":64,"column":28},"end":{"line":79,"column":null}},"25":{"start":{"line":65,"column":4},"end":{"line":65,"column":null}},"26":{"start":{"line":66,"column":4},"end":{"line":66,"column":null}},"27":{"start":{"line":67,"column":4},"end":{"line":78,"column":null}},"28":{"start":{"line":68,"column":22},"end":{"line":68,"column":null}},"29":{"start":{"line":69,"column":6},"end":{"line":69,"column":null}},"30":{"start":{"line":70,"column":6},"end":{"line":72,"column":null}},"31":{"start":{"line":71,"column":8},"end":{"line":71,"column":null}},"32":{"start":{"line":74,"column":6},"end":{"line":74,"column":null}},"33":{"start":{"line":75,"column":6},"end":{"line":75,"column":null}},"34":{"start":{"line":77,"column":6},"end":{"line":77,"column":null}},"35":{"start":{"line":81,"column":23},"end":{"line":103,"column":null}},"36":{"start":{"line":82,"column":4},"end":{"line":82,"column":null}},"37":{"start":{"line":83,"column":4},"end":{"line":86,"column":null}},"38":{"start":{"line":84,"column":6},"end":{"line":84,"column":null}},"39":{"start":{"line":85,"column":6},"end":{"line":85,"column":null}},"40":{"start":{"line":88,"column":4},"end":{"line":88,"column":null}},"41":{"start":{"line":89,"column":4},"end":{"line":89,"column":null}},"42":{"start":{"line":91,"column":4},"end":{"line":102,"column":null}},"43":{"start":{"line":92,"column":22},"end":{"line":92,"column":null}},"44":{"start":{"line":93,"column":6},"end":{"line":93,"column":null}},"45":{"start":{"line":94,"column":6},"end":{"line":96,"column":null}},"46":{"start":{"line":95,"column":8},"end":{"line":95,"column":null}},"47":{"start":{"line":98,"column":6},"end":{"line":98,"column":null}},"48":{"start":{"line":99,"column":6},"end":{"line":99,"column":null}},"49":{"start":{"line":101,"column":6},"end":{"line":101,"column":null}},"50":{"start":{"line":105,"column":25},"end":{"line":112,"column":null}},"51":{"start":{"line":106,"column":4},"end":{"line":109,"column":null}},"52":{"start":{"line":107,"column":6},"end":{"line":107,"column":null}},"53":{"start":{"line":108,"column":6},"end":{"line":108,"column":null}},"54":{"start":{"line":110,"column":4},"end":{"line":110,"column":null}},"55":{"start":{"line":111,"column":4},"end":{"line":111,"column":null}},"56":{"start":{"line":114,"column":28},"end":{"line":149,"column":null}},"57":{"start":{"line":115,"column":20},"end":{"line":115,"column":null}},"58":{"start":{"line":116,"column":27},"end":{"line":116,"column":null}},"59":{"start":{"line":118,"column":4},"end":{"line":148,"column":null}},"60":{"start":{"line":119,"column":6},"end":{"line":125,"column":null}},"61":{"start":{"line":120,"column":8},"end":{"line":120,"column":null}},"62":{"start":{"line":121,"column":8},"end":{"line":121,"column":null}},"63":{"start":{"line":123,"column":8},"end":{"line":123,"column":null}},"64":{"start":{"line":124,"column":8},"end":{"line":124,"column":null}},"65":{"start":{"line":127,"column":6},"end":{"line":147,"column":null}},"66":{"start":{"line":128,"column":29},"end":{"line":135,"column":null}},"67":{"start":{"line":137,"column":8},"end":{"line":137,"column":null}},"68":{"start":{"line":139,"column":8},"end":{"line":139,"column":null}},"69":{"start":{"line":140,"column":8},"end":{"line":140,"column":null}},"70":{"start":{"line":141,"column":8},"end":{"line":141,"column":null}},"71":{"start":{"line":142,"column":8},"end":{"line":142,"column":null}},"72":{"start":{"line":144,"column":8},"end":{"line":144,"column":null}},"73":{"start":{"line":145,"column":8},"end":{"line":145,"column":null}},"74":{"start":{"line":146,"column":8},"end":{"line":146,"column":null}},"75":{"start":{"line":151,"column":28},"end":{"line":157,"column":null}},"76":{"start":{"line":152,"column":4},"end":{"line":156,"column":null}},"77":{"start":{"line":153,"column":6},"end":{"line":153,"column":null}},"78":{"start":{"line":154,"column":4},"end":{"line":156,"column":null}},"79":{"start":{"line":155,"column":6},"end":{"line":155,"column":null}},"80":{"start":{"line":159,"column":31},"end":{"line":161,"column":null}},"81":{"start":{"line":160,"column":4},"end":{"line":160,"column":null}},"82":{"start":{"line":163,"column":30},"end":{"line":165,"column":null}},"83":{"start":{"line":164,"column":4},"end":{"line":164,"column":null}},"84":{"start":{"line":167,"column":31},"end":{"line":169,"column":null}},"85":{"start":{"line":168,"column":4},"end":{"line":168,"column":null}},"86":{"start":{"line":171,"column":25},"end":{"line":173,"column":null}},"87":{"start":{"line":172,"column":4},"end":{"line":172,"column":null}},"88":{"start":{"line":175,"column":35},"end":{"line":183,"column":null}},"89":{"start":{"line":176,"column":4},"end":{"line":182,"column":null}},"90":{"start":{"line":177,"column":21},"end":{"line":177,"column":null}},"91":{"start":{"line":178,"column":6},"end":{"line":181,"column":null}},"92":{"start":{"line":179,"column":8},"end":{"line":179,"column":null}},"93":{"start":{"line":180,"column":8},"end":{"line":180,"column":null}},"94":{"start":{"line":185,"column":24},"end":{"line":198,"column":null}},"95":{"start":{"line":186,"column":4},"end":{"line":197,"column":null}},"96":{"start":{"line":188,"column":8},"end":{"line":188,"column":null}},"97":{"start":{"line":190,"column":8},"end":{"line":190,"column":null}},"98":{"start":{"line":192,"column":8},"end":{"line":192,"column":null}},"99":{"start":{"line":194,"column":8},"end":{"line":194,"column":null}},"100":{"start":{"line":196,"column":8},"end":{"line":196,"column":null}},"101":{"start":{"line":200,"column":24},"end":{"line":215,"column":null}},"102":{"start":{"line":201,"column":4},"end":{"line":214,"column":null}},"103":{"start":{"line":203,"column":8},"end":{"line":203,"column":null}},"104":{"start":{"line":205,"column":8},"end":{"line":205,"column":null}},"105":{"start":{"line":207,"column":8},"end":{"line":207,"column":null}},"106":{"start":{"line":209,"column":8},"end":{"line":209,"column":null}},"107":{"start":{"line":211,"column":8},"end":{"line":211,"column":null}},"108":{"start":{"line":213,"column":8},"end":{"line":213,"column":null}},"109":{"start":{"line":217,"column":23},"end":{"line":217,"column":null}},"110":{"start":{"line":217,"column":49},"end":{"line":217,"column":73}},"111":{"start":{"line":218,"column":25},"end":{"line":218,"column":null}},"112":{"start":{"line":218,"column":51},"end":{"line":218,"column":75}},"113":{"start":{"line":220,"column":25},"end":{"line":222,"column":null}},"114":{"start":{"line":221,"column":4},"end":{"line":221,"column":null}},"115":{"start":{"line":224,"column":2},"end":{"line":461,"column":null}},"116":{"start":{"line":231,"column":27},"end":{"line":231,"column":null}},"117":{"start":{"line":239,"column":29},"end":{"line":239,"column":null}},"118":{"start":{"line":245,"column":29},"end":{"line":245,"column":null}},"119":{"start":{"line":261,"column":33},"end":{"line":261,"column":null}},"120":{"start":{"line":281,"column":33},"end":{"line":281,"column":null}},"121":{"start":{"line":289,"column":20},"end":{"line":289,"column":null}},"122":{"start":{"line":290,"column":20},"end":{"line":290,"column":null}},"123":{"start":{"line":306,"column":37},"end":{"line":306,"column":null}},"124":{"start":{"line":321,"column":18},"end":{"line":354,"column":null}},"125":{"start":{"line":335,"column":39},"end":{"line":335,"column":null}},"126":{"start":{"line":347,"column":39},"end":{"line":347,"column":null}},"127":{"start":{"line":397,"column":16},"end":{"line":455,"column":null}},"128":{"start":{"line":421,"column":39},"end":{"line":421,"column":null}},"129":{"start":{"line":430,"column":39},"end":{"line":430,"column":null}},"130":{"start":{"line":439,"column":39},"end":{"line":439,"column":null}},"131":{"start":{"line":448,"column":39},"end":{"line":448,"column":null}}},"fnMap":{"0":{"name":"OnlineMusic","decl":{"start":{"line":25,"column":24},"end":{"line":25,"column":38}},"loc":{"start":{"line":25,"column":38},"end":{"line":463,"column":null}},"line":25},"1":{"name":"(anonymous_1)","decl":{"start":{"line":37,"column":34},"end":{"line":37,"column":40}},"loc":{"start":{"line":37,"column":40},"end":{"line":39,"column":5}},"line":37},"2":{"name":"(anonymous_2)","decl":{"start":{"line":41,"column":12},"end":{"line":41,"column":18}},"loc":{"start":{"line":41,"column":18},"end":{"line":62,"column":5}},"line":41},"3":{"name":"(anonymous_3)","decl":{"start":{"line":50,"column":24},"end":{"line":50,"column":30}},"loc":{"start":{"line":50,"column":30},"end":{"line":52,"column":5}},"line":50},"4":{"name":"(anonymous_4)","decl":{"start":{"line":54,"column":25},"end":{"line":54,"column":26}},"loc":{"start":{"line":54,"column":34},"end":{"line":57,"column":5}},"line":54},"5":{"name":"(anonymous_5)","decl":{"start":{"line":59,"column":11},"end":{"line":59,"column":17}},"loc":{"start":{"line":59,"column":17},"end":{"line":61,"column":null}},"line":59},"6":{"name":"(anonymous_6)","decl":{"start":{"line":64,"column":28},"end":{"line":64,"column":40}},"loc":{"start":{"line":64,"column":40},"end":{"line":79,"column":null}},"line":64},"7":{"name":"(anonymous_7)","decl":{"start":{"line":81,"column":23},"end":{"line":81,"column":30}},"loc":{"start":{"line":81,"column":53},"end":{"line":103,"column":null}},"line":81},"8":{"name":"(anonymous_8)","decl":{"start":{"line":105,"column":25},"end":{"line":105,"column":26}},"loc":{"start":{"line":105,"column":51},"end":{"line":112,"column":null}},"line":105},"9":{"name":"(anonymous_9)","decl":{"start":{"line":114,"column":28},"end":{"line":114,"column":35}},"loc":{"start":{"line":114,"column":60},"end":{"line":149,"column":null}},"line":114},"10":{"name":"(anonymous_10)","decl":{"start":{"line":151,"column":28},"end":{"line":151,"column":29}},"loc":{"start":{"line":151,"column":72},"end":{"line":157,"column":null}},"line":151},"11":{"name":"(anonymous_11)","decl":{"start":{"line":159,"column":31},"end":{"line":159,"column":32}},"loc":{"start":{"line":159,"column":51},"end":{"line":161,"column":null}},"line":159},"12":{"name":"(anonymous_12)","decl":{"start":{"line":163,"column":30},"end":{"line":163,"column":31}},"loc":{"start":{"line":163,"column":50},"end":{"line":165,"column":null}},"line":163},"13":{"name":"(anonymous_13)","decl":{"start":{"line":167,"column":31},"end":{"line":167,"column":37}},"loc":{"start":{"line":167,"column":37},"end":{"line":169,"column":null}},"line":167},"14":{"name":"(anonymous_14)","decl":{"start":{"line":171,"column":25},"end":{"line":171,"column":31}},"loc":{"start":{"line":171,"column":31},"end":{"line":173,"column":null}},"line":171},"15":{"name":"(anonymous_15)","decl":{"start":{"line":175,"column":35},"end":{"line":175,"column":47}},"loc":{"start":{"line":175,"column":47},"end":{"line":183,"column":null}},"line":175},"16":{"name":"(anonymous_16)","decl":{"start":{"line":185,"column":24},"end":{"line":185,"column":25}},"loc":{"start":{"line":185,"column":52},"end":{"line":198,"column":null}},"line":185},"17":{"name":"(anonymous_17)","decl":{"start":{"line":200,"column":24},"end":{"line":200,"column":25}},"loc":{"start":{"line":200,"column":48},"end":{"line":215,"column":null}},"line":200},"18":{"name":"(anonymous_18)","decl":{"start":{"line":217,"column":44},"end":{"line":217,"column":49}},"loc":{"start":{"line":217,"column":49},"end":{"line":217,"column":73}},"line":217},"19":{"name":"(anonymous_19)","decl":{"start":{"line":218,"column":46},"end":{"line":218,"column":51}},"loc":{"start":{"line":218,"column":51},"end":{"line":218,"column":75}},"line":218},"20":{"name":"(anonymous_20)","decl":{"start":{"line":220,"column":25},"end":{"line":220,"column":26}},"loc":{"start":{"line":220,"column":47},"end":{"line":222,"column":null}},"line":220},"21":{"name":"(anonymous_21)","decl":{"start":{"line":231,"column":21},"end":{"line":231,"column":27}},"loc":{"start":{"line":231,"column":27},"end":{"line":231,"column":null}},"line":231},"22":{"name":"(anonymous_22)","decl":{"start":{"line":239,"column":23},"end":{"line":239,"column":29}},"loc":{"start":{"line":239,"column":29},"end":{"line":239,"column":null}},"line":239},"23":{"name":"(anonymous_23)","decl":{"start":{"line":245,"column":23},"end":{"line":245,"column":29}},"loc":{"start":{"line":245,"column":29},"end":{"line":245,"column":null}},"line":245},"24":{"name":"(anonymous_24)","decl":{"start":{"line":261,"column":26},"end":{"line":261,"column":27}},"loc":{"start":{"line":261,"column":33},"end":{"line":261,"column":null}},"line":261},"25":{"name":"(anonymous_25)","decl":{"start":{"line":281,"column":26},"end":{"line":281,"column":27}},"loc":{"start":{"line":281,"column":33},"end":{"line":281,"column":null}},"line":281},"26":{"name":"(anonymous_26)","decl":{"start":{"line":288,"column":27},"end":{"line":288,"column":33}},"loc":{"start":{"line":288,"column":33},"end":{"line":291,"column":null}},"line":288},"27":{"name":"(anonymous_27)","decl":{"start":{"line":306,"column":31},"end":{"line":306,"column":37}},"loc":{"start":{"line":306,"column":37},"end":{"line":306,"column":null}},"line":306},"28":{"name":"(anonymous_28)","decl":{"start":{"line":320,"column":34},"end":{"line":320,"column":35}},"loc":{"start":{"line":321,"column":18},"end":{"line":354,"column":null}},"line":321},"29":{"name":"(anonymous_29)","decl":{"start":{"line":335,"column":33},"end":{"line":335,"column":39}},"loc":{"start":{"line":335,"column":39},"end":{"line":335,"column":null}},"line":335},"30":{"name":"(anonymous_30)","decl":{"start":{"line":347,"column":33},"end":{"line":347,"column":39}},"loc":{"start":{"line":347,"column":39},"end":{"line":347,"column":null}},"line":347},"31":{"name":"(anonymous_31)","decl":{"start":{"line":396,"column":32},"end":{"line":396,"column":33}},"loc":{"start":{"line":397,"column":16},"end":{"line":455,"column":null}},"line":397},"32":{"name":"(anonymous_32)","decl":{"start":{"line":421,"column":33},"end":{"line":421,"column":39}},"loc":{"start":{"line":421,"column":39},"end":{"line":421,"column":null}},"line":421},"33":{"name":"(anonymous_33)","decl":{"start":{"line":430,"column":33},"end":{"line":430,"column":39}},"loc":{"start":{"line":430,"column":39},"end":{"line":430,"column":null}},"line":430},"34":{"name":"(anonymous_34)","decl":{"start":{"line":439,"column":33},"end":{"line":439,"column":39}},"loc":{"start":{"line":439,"column":39},"end":{"line":439,"column":null}},"line":439},"35":{"name":"(anonymous_35)","decl":{"start":{"line":448,"column":33},"end":{"line":448,"column":39}},"loc":{"start":{"line":448,"column":39},"end":{"line":448,"column":null}},"line":448}},"branchMap":{"0":{"loc":{"start":{"line":43,"column":20},"end":{"line":43,"column":47}},"type":"binary-expr","locations":[{"start":{"line":43,"column":20},"end":{"line":43,"column":45}},{"start":{"line":43,"column":45},"end":{"line":43,"column":47}}],"line":43},"1":{"loc":{"start":{"line":70,"column":6},"end":{"line":72,"column":null}},"type":"if","locations":[{"start":{"line":70,"column":6},"end":{"line":72,"column":null}},{"start":{},"end":{}}],"line":70},"2":{"loc":{"start":{"line":74,"column":15},"end":{"line":74,"column":36}},"type":"binary-expr","locations":[{"start":{"line":74,"column":15},"end":{"line":74,"column":30}},{"start":{"line":74,"column":30},"end":{"line":74,"column":36}}],"line":74},"3":{"loc":{"start":{"line":83,"column":4},"end":{"line":86,"column":null}},"type":"if","locations":[{"start":{"line":83,"column":4},"end":{"line":86,"column":null}},{"start":{},"end":{}}],"line":83},"4":{"loc":{"start":{"line":94,"column":6},"end":{"line":96,"column":null}},"type":"if","locations":[{"start":{"line":94,"column":6},"end":{"line":96,"column":null}},{"start":{},"end":{}}],"line":94},"5":{"loc":{"start":{"line":98,"column":15},"end":{"line":98,"column":36}},"type":"binary-expr","locations":[{"start":{"line":98,"column":15},"end":{"line":98,"column":30}},{"start":{"line":98,"column":30},"end":{"line":98,"column":36}}],"line":98},"6":{"loc":{"start":{"line":106,"column":4},"end":{"line":109,"column":null}},"type":"if","locations":[{"start":{"line":106,"column":4},"end":{"line":109,"column":null}},{"start":{},"end":{}}],"line":106},"7":{"loc":{"start":{"line":118,"column":4},"end":{"line":148,"column":null}},"type":"if","locations":[{"start":{"line":118,"column":4},"end":{"line":148,"column":null}},{"start":{"line":126,"column":11},"end":{"line":148,"column":null}}],"line":118},"8":{"loc":{"start":{"line":119,"column":6},"end":{"line":125,"column":null}},"type":"if","locations":[{"start":{"line":119,"column":6},"end":{"line":125,"column":null}},{"start":{"line":122,"column":13},"end":{"line":125,"column":null}}],"line":119},"9":{"loc":{"start":{"line":145,"column":26},"end":{"line":145,"column":49}},"type":"binary-expr","locations":[{"start":{"line":145,"column":26},"end":{"line":145,"column":41}},{"start":{"line":145,"column":41},"end":{"line":145,"column":49}}],"line":145},"10":{"loc":{"start":{"line":152,"column":4},"end":{"line":156,"column":null}},"type":"if","locations":[{"start":{"line":152,"column":4},"end":{"line":156,"column":null}},{"start":{"line":154,"column":4},"end":{"line":156,"column":null}}],"line":152},"11":{"loc":{"start":{"line":154,"column":4},"end":{"line":156,"column":null}},"type":"if","locations":[{"start":{"line":154,"column":4},"end":{"line":156,"column":null}},{"start":{},"end":{}}],"line":154},"12":{"loc":{"start":{"line":176,"column":4},"end":{"line":182,"column":null}},"type":"if","locations":[{"start":{"line":176,"column":4},"end":{"line":182,"column":null}},{"start":{},"end":{}}],"line":176},"13":{"loc":{"start":{"line":176,"column":8},"end":{"line":176,"column":61}},"type":"binary-expr","locations":[{"start":{"line":176,"column":8},"end":{"line":176,"column":30}},{"start":{"line":176,"column":30},"end":{"line":176,"column":61}}],"line":176},"14":{"loc":{"start":{"line":178,"column":6},"end":{"line":181,"column":null}},"type":"if","locations":[{"start":{"line":178,"column":6},"end":{"line":181,"column":null}},{"start":{},"end":{}}],"line":178},"15":{"loc":{"start":{"line":186,"column":4},"end":{"line":197,"column":null}},"type":"switch","locations":[{"start":{"line":187,"column":6},"end":{"line":188,"column":null}},{"start":{"line":189,"column":6},"end":{"line":190,"column":null}},{"start":{"line":191,"column":6},"end":{"line":192,"column":null}},{"start":{"line":193,"column":6},"end":{"line":194,"column":null}},{"start":{"line":195,"column":6},"end":{"line":196,"column":null}}],"line":186},"16":{"loc":{"start":{"line":201,"column":4},"end":{"line":214,"column":null}},"type":"switch","locations":[{"start":{"line":202,"column":6},"end":{"line":203,"column":null}},{"start":{"line":204,"column":6},"end":{"line":205,"column":null}},{"start":{"line":206,"column":6},"end":{"line":207,"column":null}},{"start":{"line":208,"column":6},"end":{"line":209,"column":null}},{"start":{"line":210,"column":6},"end":{"line":211,"column":null}},{"start":{"line":212,"column":6},"end":{"line":213,"column":null}}],"line":201},"17":{"loc":{"start":{"line":211,"column":22},"end":{"line":211,"column":42}},"type":"binary-expr","locations":[{"start":{"line":211,"column":22},"end":{"line":211,"column":36}},{"start":{"line":211,"column":36},"end":{"line":211,"column":42}}],"line":211},"18":{"loc":{"start":{"line":221,"column":11},"end":{"line":221,"column":null}},"type":"binary-expr","locations":[{"start":{"line":221,"column":11},"end":{"line":221,"column":56}},{"start":{"line":221,"column":56},"end":{"line":221,"column":null}}],"line":221},"19":{"loc":{"start":{"line":238,"column":36},"end":{"line":238,"column":74}},"type":"cond-expr","locations":[{"start":{"line":238,"column":61},"end":{"line":238,"column":72}},{"start":{"line":238,"column":72},"end":{"line":238,"column":74}}],"line":238},"20":{"loc":{"start":{"line":244,"column":36},"end":{"line":244,"column":77}},"type":"cond-expr","locations":[{"start":{"line":244,"column":64},"end":{"line":244,"column":75}},{"start":{"line":244,"column":75},"end":{"line":244,"column":77}}],"line":244},"21":{"loc":{"start":{"line":247,"column":18},"end":{"line":247,"column":null}},"type":"binary-expr","locations":[{"start":{"line":247,"column":18},"end":{"line":247,"column":38}},{"start":{"line":247,"column":38},"end":{"line":247,"column":null}}],"line":247},"22":{"loc":{"start":{"line":253,"column":7},"end":{"line":269,"column":null}},"type":"binary-expr","locations":[{"start":{"line":253,"column":7},"end":{"line":253,"column":null}},{"start":{"line":254,"column":8},"end":{"line":269,"column":null}}],"line":253},"23":{"loc":{"start":{"line":272,"column":7},"end":{"line":459,"column":null}},"type":"cond-expr","locations":[{"start":{"line":273,"column":8},"end":{"line":364,"column":null}},{"start":{"line":366,"column":8},"end":{"line":459,"column":null}}],"line":272},"24":{"loc":{"start":{"line":284,"column":15},"end":{"line":294,"column":null}},"type":"binary-expr","locations":[{"start":{"line":284,"column":15},"end":{"line":284,"column":null}},{"start":{"line":285,"column":16},"end":{"line":294,"column":null}}],"line":284},"25":{"loc":{"start":{"line":298,"column":15},"end":{"line":298,"column":null}},"type":"cond-expr","locations":[{"start":{"line":298,"column":29},"end":{"line":298,"column":74}},{"start":{"line":298,"column":74},"end":{"line":298,"column":null}}],"line":298},"26":{"loc":{"start":{"line":302,"column":11},"end":{"line":309,"column":null}},"type":"binary-expr","locations":[{"start":{"line":302,"column":11},"end":{"line":302,"column":null}},{"start":{"line":303,"column":12},"end":{"line":309,"column":null}}],"line":302},"27":{"loc":{"start":{"line":312,"column":11},"end":{"line":362,"column":null}},"type":"cond-expr","locations":[{"start":{"line":313,"column":12},"end":{"line":316,"column":null}},{"start":{"line":318,"column":12},"end":{"line":362,"column":null}}],"line":312},"28":{"loc":{"start":{"line":319,"column":15},"end":{"line":360,"column":null}},"type":"cond-expr","locations":[{"start":{"line":320,"column":16},"end":{"line":355,"column":null}},{"start":{"line":356,"column":18},"end":{"line":360,"column":null}}],"line":319},"29":{"loc":{"start":{"line":334,"column":68},"end":{"line":334,"column":109}},"type":"cond-expr","locations":[{"start":{"line":334,"column":96},"end":{"line":334,"column":107}},{"start":{"line":334,"column":107},"end":{"line":334,"column":109}}],"line":334},"30":{"loc":{"start":{"line":336,"column":31},"end":{"line":336,"column":null}},"type":"cond-expr","locations":[{"start":{"line":336,"column":59},"end":{"line":336,"column":68}},{"start":{"line":336,"column":68},"end":{"line":336,"column":null}}],"line":336},"31":{"loc":{"start":{"line":338,"column":25},"end":{"line":341,"column":null}},"type":"cond-expr","locations":[{"start":{"line":339,"column":26},"end":{"line":339,"column":null}},{"start":{"line":341,"column":26},"end":{"line":341,"column":null}}],"line":338},"32":{"loc":{"start":{"line":343,"column":53},"end":{"line":343,"column":93}},"type":"cond-expr","locations":[{"start":{"line":343,"column":81},"end":{"line":343,"column":88}},{"start":{"line":343,"column":88},"end":{"line":343,"column":93}}],"line":343},"33":{"loc":{"start":{"line":356,"column":18},"end":{"line":360,"column":null}},"type":"binary-expr","locations":[{"start":{"line":356,"column":18},"end":{"line":356,"column":null}},{"start":{"line":357,"column":16},"end":{"line":360,"column":null}}],"line":356},"34":{"loc":{"start":{"line":370,"column":15},"end":{"line":370,"column":null}},"type":"binary-expr","locations":[{"start":{"line":370,"column":15},"end":{"line":370,"column":37}},{"start":{"line":370,"column":37},"end":{"line":370,"column":null}}],"line":370},"35":{"loc":{"start":{"line":373,"column":15},"end":{"line":377,"column":null}},"type":"binary-expr","locations":[{"start":{"line":373,"column":15},"end":{"line":373,"column":null}},{"start":{"line":374,"column":16},"end":{"line":377,"column":null}}],"line":373},"36":{"loc":{"start":{"line":379,"column":15},"end":{"line":383,"column":null}},"type":"binary-expr","locations":[{"start":{"line":379,"column":15},"end":{"line":379,"column":null}},{"start":{"line":380,"column":16},"end":{"line":383,"column":null}}],"line":379},"37":{"loc":{"start":{"line":389,"column":13},"end":{"line":456,"column":null}},"type":"cond-expr","locations":[{"start":{"line":390,"column":14},"end":{"line":394,"column":null}},{"start":{"line":396,"column":14},"end":{"line":456,"column":null}}],"line":389},"38":{"loc":{"start":{"line":418,"column":21},"end":{"line":425,"column":null}},"type":"binary-expr","locations":[{"start":{"line":418,"column":21},"end":{"line":418,"column":null}},{"start":{"line":419,"column":22},"end":{"line":425,"column":null}}],"line":418},"39":{"loc":{"start":{"line":427,"column":21},"end":{"line":434,"column":null}},"type":"binary-expr","locations":[{"start":{"line":427,"column":21},"end":{"line":427,"column":null}},{"start":{"line":428,"column":22},"end":{"line":434,"column":null}}],"line":427},"40":{"loc":{"start":{"line":436,"column":21},"end":{"line":443,"column":null}},"type":"binary-expr","locations":[{"start":{"line":436,"column":21},"end":{"line":436,"column":null}},{"start":{"line":437,"column":22},"end":{"line":443,"column":null}}],"line":436},"41":{"loc":{"start":{"line":445,"column":21},"end":{"line":452,"column":null}},"type":"binary-expr","locations":[{"start":{"line":445,"column":21},"end":{"line":445,"column":null}},{"start":{"line":446,"column":22},"end":{"line":452,"column":null}}],"line":445}},"s":{"0":29,"1":29,"2":29,"3":29,"4":29,"5":29,"6":29,"7":29,"8":29,"9":29,"10":9,"11":29,"12":9,"13":9,"14":9,"15":9,"16":9,"17":9,"18":0,"19":9,"20":0,"21":0,"22":9,"23":9,"24":29,"25":0,"26":0,"27":0,"28":0,"29":0,"30":0,"31":0,"32":0,"33":0,"34":0,"35":29,"36":0,"37":0,"38":0,"39":0,"40":0,"41":0,"42":0,"43":0,"44":0,"45":0,"46":0,"47":0,"48":0,"49":0,"50":29,"51":0,"52":0,"53":0,"54":0,"55":0,"56":29,"57":0,"58":0,"59":0,"60":0,"61":0,"62":0,"63":0,"64":0,"65":0,"66":0,"67":0,"68":0,"69":0,"70":0,"71":0,"72":0,"73":0,"74":0,"75":29,"76":0,"77":0,"78":0,"79":0,"80":29,"81":0,"82":29,"83":0,"84":29,"85":0,"86":29,"87":0,"88":29,"89":0,"90":0,"91":0,"92":0,"93":0,"94":29,"95":0,"96":0,"97":0,"98":0,"99":0,"100":0,"101":29,"102":0,"103":0,"104":0,"105":0,"106":0,"107":0,"108":0,"109":29,"110":0,"111":29,"112":0,"113":29,"114":0,"115":29,"116":0,"117":0,"118":1,"119":0,"120":10,"121":0,"122":0,"123":0,"124":0,"125":0,"126":0,"127":0,"128":0,"129":0,"130":0,"131":0},"f":{"0":29,"1":9,"2":9,"3":0,"4":0,"5":9,"6":0,"7":0,"8":0,"9":0,"10":0,"11":0,"12":0,"13":0,"14":0,"15":0,"16":0,"17":0,"18":0,"19":0,"20":0,"21":0,"22":0,"23":1,"24":0,"25":10,"26":0,"27":0,"28":0,"29":0,"30":0,"31":0,"32":0,"33":0,"34":0,"35":0},"b":{"0":[9,0],"1":[0,0],"2":[0,0],"3":[0,0],"4":[0,0],"5":[0,0],"6":[0,0],"7":[0,0],"8":[0,0],"9":[0,0],"10":[0,0],"11":[0,0],"12":[0,0],"13":[0,0],"14":[0,0],"15":[0,0,0,0,0],"16":[0,0,0,0,0,0],"17":[0,0],"18":[0,0],"19":[28,1],"20":[1,28],"21":[29,0],"22":[29,0],"23":[28,1],"24":[28,10],"25":[0,28],"26":[28,0],"27":[0,28],"28":[0,28],"29":[0,0],"30":[0,0],"31":[0,0],"32":[0,0],"33":[28,28],"34":[1,0],"35":[1,0],"36":[1,0],"37":[1,0],"38":[0,0],"39":[0,0],"40":[0,0],"41":[0,0]},"meta":{"lastBranch":42,"lastFunction":36,"lastStatement":132,"seen":{"f:25:24:25:38":0,"s:26:36:26:Infinity":0,"s:27:40:27:Infinity":1,"s:28:36:28:Infinity":2,"s:29:24:29:Infinity":3,"s:30:40:30:Infinity":4,"s:31:32:31:Infinity":5,"s:32:38:32:Infinity":6,"s:33:38:33:Infinity":7,"s:35:65:35:Infinity":8,"s:37:8:39:Infinity":9,"f:37:34:37:40":1,"s:38:4:38:Infinity":10,"s:41:2:62:Infinity":11,"f:41:12:41:18":2,"s:42:21:42:Infinity":12,"s:43:4:43:Infinity":13,"b:43:20:43:45:43:45:43:47":0,"s:45:4:45:Infinity":14,"s:46:4:46:Infinity":15,"s:48:24:48:Infinity":16,"s:50:4:52:Infinity":17,"f:50:24:50:30":3,"s:51:6:51:Infinity":18,"s:54:4:57:Infinity":19,"f:54:25:54:26":4,"s:55:6:55:Infinity":20,"s:56:6:56:Infinity":21,"s:59:4:61:Infinity":22,"f:59:11:59:17":5,"s:60:6:60:Infinity":23,"s:64:28:79:Infinity":24,"f:64:28:64:40":6,"s:65:4:65:Infinity":25,"s:66:4:66:Infinity":26,"s:67:4:78:Infinity":27,"s:68:22:68:Infinity":28,"s:69:6:69:Infinity":29,"b:70:6:72:Infinity:undefined:undefined:undefined:undefined":1,"s:70:6:72:Infinity":30,"s:71:8:71:Infinity":31,"s:74:6:74:Infinity":32,"b:74:15:74:30:74:30:74:36":2,"s:75:6:75:Infinity":33,"s:77:6:77:Infinity":34,"s:81:23:103:Infinity":35,"f:81:23:81:30":7,"s:82:4:82:Infinity":36,"b:83:4:86:Infinity:undefined:undefined:undefined:undefined":3,"s:83:4:86:Infinity":37,"s:84:6:84:Infinity":38,"s:85:6:85:Infinity":39,"s:88:4:88:Infinity":40,"s:89:4:89:Infinity":41,"s:91:4:102:Infinity":42,"s:92:22:92:Infinity":43,"s:93:6:93:Infinity":44,"b:94:6:96:Infinity:undefined:undefined:undefined:undefined":4,"s:94:6:96:Infinity":45,"s:95:8:95:Infinity":46,"s:98:6:98:Infinity":47,"b:98:15:98:30:98:30:98:36":5,"s:99:6:99:Infinity":48,"s:101:6:101:Infinity":49,"s:105:25:112:Infinity":50,"f:105:25:105:26":8,"b:106:4:109:Infinity:undefined:undefined:undefined:undefined":6,"s:106:4:109:Infinity":51,"s:107:6:107:Infinity":52,"s:108:6:108:Infinity":53,"s:110:4:110:Infinity":54,"s:111:4:111:Infinity":55,"s:114:28:149:Infinity":56,"f:114:28:114:35":9,"s:115:20:115:Infinity":57,"s:116:27:116:Infinity":58,"b:118:4:148:Infinity:126:11:148:Infinity":7,"s:118:4:148:Infinity":59,"b:119:6:125:Infinity:122:13:125:Infinity":8,"s:119:6:125:Infinity":60,"s:120:8:120:Infinity":61,"s:121:8:121:Infinity":62,"s:123:8:123:Infinity":63,"s:124:8:124:Infinity":64,"s:127:6:147:Infinity":65,"s:128:29:135:Infinity":66,"s:137:8:137:Infinity":67,"s:139:8:139:Infinity":68,"s:140:8:140:Infinity":69,"s:141:8:141:Infinity":70,"s:142:8:142:Infinity":71,"s:144:8:144:Infinity":72,"s:145:8:145:Infinity":73,"b:145:26:145:41:145:41:145:49":9,"s:146:8:146:Infinity":74,"s:151:28:157:Infinity":75,"f:151:28:151:29":10,"b:152:4:156:Infinity:154:4:156:Infinity":10,"s:152:4:156:Infinity":76,"s:153:6:153:Infinity":77,"b:154:4:156:Infinity:undefined:undefined:undefined:undefined":11,"s:154:4:156:Infinity":78,"s:155:6:155:Infinity":79,"s:159:31:161:Infinity":80,"f:159:31:159:32":11,"s:160:4:160:Infinity":81,"s:163:30:165:Infinity":82,"f:163:30:163:31":12,"s:164:4:164:Infinity":83,"s:167:31:169:Infinity":84,"f:167:31:167:37":13,"s:168:4:168:Infinity":85,"s:171:25:173:Infinity":86,"f:171:25:171:31":14,"s:172:4:172:Infinity":87,"s:175:35:183:Infinity":88,"f:175:35:175:47":15,"b:176:4:182:Infinity:undefined:undefined:undefined:undefined":12,"s:176:4:182:Infinity":89,"b:176:8:176:30:176:30:176:61":13,"s:177:21:177:Infinity":90,"b:178:6:181:Infinity:undefined:undefined:undefined:undefined":14,"s:178:6:181:Infinity":91,"s:179:8:179:Infinity":92,"s:180:8:180:Infinity":93,"s:185:24:198:Infinity":94,"f:185:24:185:25":16,"b:187:6:188:Infinity:189:6:190:Infinity:191:6:192:Infinity:193:6:194:Infinity:195:6:196:Infinity":15,"s:186:4:197:Infinity":95,"s:188:8:188:Infinity":96,"s:190:8:190:Infinity":97,"s:192:8:192:Infinity":98,"s:194:8:194:Infinity":99,"s:196:8:196:Infinity":100,"s:200:24:215:Infinity":101,"f:200:24:200:25":17,"b:202:6:203:Infinity:204:6:205:Infinity:206:6:207:Infinity:208:6:209:Infinity:210:6:211:Infinity:212:6:213:Infinity":16,"s:201:4:214:Infinity":102,"s:203:8:203:Infinity":103,"s:205:8:205:Infinity":104,"s:207:8:207:Infinity":105,"s:209:8:209:Infinity":106,"s:211:8:211:Infinity":107,"b:211:22:211:36:211:36:211:42":17,"s:213:8:213:Infinity":108,"s:217:23:217:Infinity":109,"f:217:44:217:49":18,"s:217:49:217:73":110,"s:218:25:218:Infinity":111,"f:218:46:218:51":19,"s:218:51:218:75":112,"s:220:25:222:Infinity":113,"f:220:25:220:26":20,"s:221:4:221:Infinity":114,"b:221:11:221:56:221:56:221:Infinity":18,"s:224:2:461:Infinity":115,"f:231:21:231:27":21,"s:231:27:231:Infinity":116,"b:238:61:238:72:238:72:238:74":19,"f:239:23:239:29":22,"s:239:29:239:Infinity":117,"b:244:64:244:75:244:75:244:77":20,"f:245:23:245:29":23,"s:245:29:245:Infinity":118,"b:247:18:247:38:247:38:247:Infinity":21,"b:253:7:253:Infinity:254:8:269:Infinity":22,"f:261:26:261:27":24,"s:261:33:261:Infinity":119,"b:273:8:364:Infinity:366:8:459:Infinity":23,"f:281:26:281:27":25,"s:281:33:281:Infinity":120,"b:284:15:284:Infinity:285:16:294:Infinity":24,"f:288:27:288:33":26,"s:289:20:289:Infinity":121,"s:290:20:290:Infinity":122,"b:298:29:298:74:298:74:298:Infinity":25,"b:302:11:302:Infinity:303:12:309:Infinity":26,"f:306:31:306:37":27,"s:306:37:306:Infinity":123,"b:313:12:316:Infinity:318:12:362:Infinity":27,"b:320:16:355:Infinity:356:18:360:Infinity":28,"f:320:34:320:35":28,"s:321:18:354:Infinity":124,"b:334:96:334:107:334:107:334:109":29,"f:335:33:335:39":29,"s:335:39:335:Infinity":125,"b:336:59:336:68:336:68:336:Infinity":30,"b:339:26:339:Infinity:341:26:341:Infinity":31,"b:343:81:343:88:343:88:343:93":32,"f:347:33:347:39":30,"s:347:39:347:Infinity":126,"b:356:18:356:Infinity:357:16:360:Infinity":33,"b:370:15:370:37:370:37:370:Infinity":34,"b:373:15:373:Infinity:374:16:377:Infinity":35,"b:379:15:379:Infinity:380:16:383:Infinity":36,"b:390:14:394:Infinity:396:14:456:Infinity":37,"f:396:32:396:33":31,"s:397:16:455:Infinity":127,"b:418:21:418:Infinity:419:22:425:Infinity":38,"f:421:33:421:39":32,"s:421:39:421:Infinity":128,"b:427:21:427:Infinity:428:22:434:Infinity":39,"f:430:33:430:39":33,"s:430:39:430:Infinity":129,"b:436:21:436:Infinity:437:22:443:Infinity":40,"f:439:33:439:39":34,"s:439:39:439:Infinity":130,"b:445:21:445:Infinity:446:22:452:Infinity":41,"f:448:33:448:39":35,"s:448:39:448:Infinity":131}}}
,"D:\\code\\awesome-code\\music-player\\src\\components\\PlayerBar.css": {"path":"D:\\code\\awesome-code\\music-player\\src\\components\\PlayerBar.css","statementMap":{},"fnMap":{},"branchMap":{},"s":{},"f":{},"b":{},"meta":{"lastBranch":0,"lastFunction":0,"lastStatement":0,"seen":{}}}
,"D:\\code\\awesome-code\\music-player\\src\\components\\PlayerBar.tsx": {"path":"D:\\code\\awesome-code\\music-player\\src\\components\\PlayerBar.tsx","statementMap":{"0":{"start":{"line":21,"column":2},"end":{"line":21,"column":null}},"1":{"start":{"line":21,"column":34},"end":{"line":21,"column":null}},"2":{"start":{"line":22,"column":18},"end":{"line":22,"column":null}},"3":{"start":{"line":23,"column":15},"end":{"line":23,"column":null}},"4":{"start":{"line":24,"column":2},"end":{"line":24,"column":null}},"5":{"start":{"line":41,"column":2},"end":{"line":41,"column":null}},"6":{"start":{"line":43,"column":35},"end":{"line":43,"column":null}},"7":{"start":{"line":44,"column":30},"end":{"line":44,"column":null}},"8":{"start":{"line":46,"column":18},"end":{"line":46,"column":null}},"9":{"start":{"line":47,"column":8},"end":{"line":47,"column":null}},"10":{"start":{"line":48,"column":8},"end":{"line":48,"column":null}},"11":{"start":{"line":50,"column":24},"end":{"line":50,"column":null}},"12":{"start":{"line":51,"column":25},"end":{"line":56,"column":null}},"13":{"start":{"line":58,"column":34},"end":{"line":61,"column":null}},"14":{"start":{"line":59,"column":4},"end":{"line":59,"column":null}},"15":{"start":{"line":60,"column":4},"end":{"line":60,"column":null}},"16":{"start":{"line":63,"column":34},"end":{"line":67,"column":null}},"17":{"start":{"line":64,"column":4},"end":{"line":66,"column":null}},"18":{"start":{"line":65,"column":6},"end":{"line":65,"column":null}},"19":{"start":{"line":69,"column":32},"end":{"line":71,"column":null}},"20":{"start":{"line":70,"column":4},"end":{"line":70,"column":null}},"21":{"start":{"line":73,"column":34},"end":{"line":80,"column":null}},"22":{"start":{"line":74,"column":4},"end":{"line":74,"column":null}},"23":{"start":{"line":74,"column":64},"end":{"line":74,"column":null}},"24":{"start":{"line":75,"column":17},"end":{"line":75,"column":null}},"25":{"start":{"line":76,"column":20},"end":{"line":76,"column":null}},"26":{"start":{"line":77,"column":20},"end":{"line":77,"column":null}},"27":{"start":{"line":78,"column":4},"end":{"line":78,"column":null}},"28":{"start":{"line":79,"column":4},"end":{"line":79,"column":null}},"29":{"start":{"line":82,"column":29},"end":{"line":85,"column":null}},"30":{"start":{"line":83,"column":22},"end":{"line":83,"column":null}},"31":{"start":{"line":84,"column":4},"end":{"line":84,"column":null}},"32":{"start":{"line":87,"column":21},"end":{"line":93,"column":null}},"33":{"start":{"line":88,"column":4},"end":{"line":92,"column":null}},"34":{"start":{"line":89,"column":6},"end":{"line":89,"column":null}},"35":{"start":{"line":91,"column":6},"end":{"line":91,"column":null}},"36":{"start":{"line":95,"column":28},"end":{"line":99,"column":null}},"37":{"start":{"line":96,"column":25},"end":{"line":96,"column":null}},"38":{"start":{"line":97,"column":10},"end":{"line":97,"column":null}},"39":{"start":{"line":98,"column":4},"end":{"line":98,"column":null}},"40":{"start":{"line":101,"column":29},"end":{"line":109,"column":null}},"41":{"start":{"line":102,"column":4},"end":{"line":108,"column":null}},"42":{"start":{"line":103,"column":6},"end":{"line":103,"column":null}},"43":{"start":{"line":104,"column":6},"end":{"line":104,"column":null}},"44":{"start":{"line":106,"column":6},"end":{"line":106,"column":null}},"45":{"start":{"line":107,"column":6},"end":{"line":107,"column":null}},"46":{"start":{"line":111,"column":26},"end":{"line":115,"column":null}},"47":{"start":{"line":112,"column":4},"end":{"line":114,"column":null}},"48":{"start":{"line":113,"column":6},"end":{"line":113,"column":null}},"49":{"start":{"line":117,"column":27},"end":{"line":121,"column":null}},"50":{"start":{"line":118,"column":4},"end":{"line":120,"column":null}},"51":{"start":{"line":119,"column":6},"end":{"line":119,"column":null}},"52":{"start":{"line":123,"column":19},"end":{"line":123,"column":null}},"53":{"start":{"line":124,"column":23},"end":{"line":124,"column":null}},"54":{"start":{"line":126,"column":2},"end":{"line":233,"column":null}}},"fnMap":{"0":{"name":"formatTime","decl":{"start":{"line":20,"column":9},"end":{"line":20,"column":20}},"loc":{"start":{"line":20,"column":45},"end":{"line":25,"column":null}},"line":20},"1":{"name":"PlayerBar","decl":{"start":{"line":27,"column":24},"end":{"line":27,"column":36}},"loc":{"start":{"line":27,"column":36},"end":{"line":235,"column":null}},"line":27},"2":{"name":"(anonymous_2)","decl":{"start":{"line":58,"column":34},"end":{"line":58,"column":35}},"loc":{"start":{"line":58,"column":75},"end":{"line":61,"column":null}},"line":58},"3":{"name":"(anonymous_3)","decl":{"start":{"line":63,"column":34},"end":{"line":63,"column":35}},"loc":{"start":{"line":63,"column":75},"end":{"line":67,"column":null}},"line":63},"4":{"name":"(anonymous_4)","decl":{"start":{"line":69,"column":32},"end":{"line":69,"column":38}},"loc":{"start":{"line":69,"column":38},"end":{"line":71,"column":null}},"line":69},"5":{"name":"(anonymous_5)","decl":{"start":{"line":73,"column":34},"end":{"line":73,"column":35}},"loc":{"start":{"line":73,"column":75},"end":{"line":80,"column":null}},"line":73},"6":{"name":"(anonymous_6)","decl":{"start":{"line":82,"column":29},"end":{"line":82,"column":30}},"loc":{"start":{"line":82,"column":73},"end":{"line":85,"column":null}},"line":82},"7":{"name":"(anonymous_7)","decl":{"start":{"line":87,"column":21},"end":{"line":87,"column":27}},"loc":{"start":{"line":87,"column":27},"end":{"line":93,"column":null}},"line":87},"8":{"name":"(anonymous_8)","decl":{"start":{"line":95,"column":28},"end":{"line":95,"column":34}},"loc":{"start":{"line":95,"column":34},"end":{"line":99,"column":null}},"line":95},"9":{"name":"(anonymous_9)","decl":{"start":{"line":101,"column":29},"end":{"line":101,"column":35}},"loc":{"start":{"line":101,"column":35},"end":{"line":109,"column":null}},"line":101},"10":{"name":"(anonymous_10)","decl":{"start":{"line":111,"column":26},"end":{"line":111,"column":32}},"loc":{"start":{"line":111,"column":32},"end":{"line":115,"column":null}},"line":111},"11":{"name":"(anonymous_11)","decl":{"start":{"line":117,"column":27},"end":{"line":117,"column":33}},"loc":{"start":{"line":117,"column":33},"end":{"line":121,"column":null}},"line":117}},"branchMap":{"0":{"loc":{"start":{"line":21,"column":2},"end":{"line":21,"column":null}},"type":"if","locations":[{"start":{"line":21,"column":2},"end":{"line":21,"column":null}},{"start":{},"end":{}}],"line":21},"1":{"loc":{"start":{"line":21,"column":6},"end":{"line":21,"column":34}},"type":"binary-expr","locations":[{"start":{"line":21,"column":6},"end":{"line":21,"column":18}},{"start":{"line":21,"column":18},"end":{"line":21,"column":34}}],"line":21},"2":{"loc":{"start":{"line":64,"column":4},"end":{"line":66,"column":null}},"type":"if","locations":[{"start":{"line":64,"column":4},"end":{"line":66,"column":null}},{"start":{},"end":{}}],"line":64},"3":{"loc":{"start":{"line":74,"column":4},"end":{"line":74,"column":null}},"type":"if","locations":[{"start":{"line":74,"column":4},"end":{"line":74,"column":null}},{"start":{},"end":{}}],"line":74},"4":{"loc":{"start":{"line":74,"column":8},"end":{"line":74,"column":64}},"type":"binary-expr","locations":[{"start":{"line":74,"column":8},"end":{"line":74,"column":32}},{"start":{"line":74,"column":32},"end":{"line":74,"column":49}},{"start":{"line":74,"column":49},"end":{"line":74,"column":64}}],"line":74},"5":{"loc":{"start":{"line":88,"column":4},"end":{"line":92,"column":null}},"type":"if","locations":[{"start":{"line":88,"column":4},"end":{"line":92,"column":null}},{"start":{"line":90,"column":11},"end":{"line":92,"column":null}}],"line":88},"6":{"loc":{"start":{"line":102,"column":4},"end":{"line":108,"column":null}},"type":"if","locations":[{"start":{"line":102,"column":4},"end":{"line":108,"column":null}},{"start":{"line":105,"column":11},"end":{"line":108,"column":null}}],"line":102},"7":{"loc":{"start":{"line":112,"column":4},"end":{"line":114,"column":null}},"type":"if","locations":[{"start":{"line":112,"column":4},"end":{"line":114,"column":null}},{"start":{},"end":{}}],"line":112},"8":{"loc":{"start":{"line":118,"column":4},"end":{"line":120,"column":null}},"type":"if","locations":[{"start":{"line":118,"column":4},"end":{"line":120,"column":null}},{"start":{},"end":{}}],"line":118},"9":{"loc":{"start":{"line":123,"column":19},"end":{"line":123,"column":null}},"type":"cond-expr","locations":[{"start":{"line":123,"column":35},"end":{"line":123,"column":67}},{"start":{"line":123,"column":67},"end":{"line":123,"column":null}}],"line":123},"10":{"loc":{"start":{"line":124,"column":23},"end":{"line":124,"column":null}},"type":"cond-expr","locations":[{"start":{"line":124,"column":38},"end":{"line":124,"column":65}},{"start":{"line":124,"column":65},"end":{"line":124,"column":null}}],"line":124},"11":{"loc":{"start":{"line":129,"column":9},"end":{"line":153,"column":null}},"type":"cond-expr","locations":[{"start":{"line":130,"column":10},"end":{"line":149,"column":null}},{"start":{"line":151,"column":10},"end":{"line":153,"column":null}}],"line":129},"12":{"loc":{"start":{"line":132,"column":15},"end":{"line":135,"column":null}},"type":"cond-expr","locations":[{"start":{"line":133,"column":16},"end":{"line":133,"column":null}},{"start":{"line":135,"column":16},"end":{"line":135,"column":null}}],"line":132},"13":{"loc":{"start":{"line":143,"column":37},"end":{"line":143,"column":64}},"type":"cond-expr","locations":[{"start":{"line":143,"column":52},"end":{"line":143,"column":62}},{"start":{"line":143,"column":62},"end":{"line":143,"column":64}}],"line":143},"14":{"loc":{"start":{"line":145,"column":21},"end":{"line":145,"column":null}},"type":"cond-expr","locations":[{"start":{"line":145,"column":36},"end":{"line":145,"column":45}},{"start":{"line":145,"column":45},"end":{"line":145,"column":null}}],"line":145},"15":{"loc":{"start":{"line":147,"column":37},"end":{"line":147,"column":77}},"type":"cond-expr","locations":[{"start":{"line":147,"column":52},"end":{"line":147,"column":69}},{"start":{"line":147,"column":69},"end":{"line":147,"column":77}}],"line":147},"16":{"loc":{"start":{"line":160,"column":47},"end":{"line":160,"column":90}},"type":"cond-expr","locations":[{"start":{"line":160,"column":77},"end":{"line":160,"column":88}},{"start":{"line":160,"column":88},"end":{"line":160,"column":90}}],"line":160},"17":{"loc":{"start":{"line":164,"column":13},"end":{"line":165,"column":null}},"type":"cond-expr","locations":[{"start":{"line":164,"column":41},"end":{"line":164,"column":null}},{"start":{"line":165,"column":13},"end":{"line":165,"column":null}}],"line":164},"18":{"loc":{"start":{"line":165,"column":13},"end":{"line":165,"column":null}},"type":"cond-expr","locations":[{"start":{"line":165,"column":41},"end":{"line":165,"column":65}},{"start":{"line":165,"column":65},"end":{"line":165,"column":null}}],"line":165},"19":{"loc":{"start":{"line":175,"column":13},"end":{"line":175,"column":null}},"type":"cond-expr","locations":[{"start":{"line":175,"column":25},"end":{"line":175,"column":47}},{"start":{"line":175,"column":47},"end":{"line":175,"column":null}}],"line":175},"20":{"loc":{"start":{"line":212,"column":36},"end":{"line":212,"column":77}},"type":"cond-expr","locations":[{"start":{"line":212,"column":64},"end":{"line":212,"column":75}},{"start":{"line":212,"column":75},"end":{"line":212,"column":77}}],"line":212},"21":{"loc":{"start":{"line":220,"column":13},"end":{"line":220,"column":null}},"type":"cond-expr","locations":[{"start":{"line":220,"column":23},"end":{"line":220,"column":47}},{"start":{"line":220,"column":47},"end":{"line":220,"column":null}}],"line":220}},"s":{"0":18,"1":9,"2":9,"3":9,"4":9,"5":9,"6":9,"7":9,"8":9,"9":9,"10":9,"11":9,"12":9,"13":9,"14":0,"15":0,"16":9,"17":0,"18":0,"19":9,"20":0,"21":9,"22":0,"23":0,"24":0,"25":0,"26":0,"27":0,"28":0,"29":9,"30":1,"31":1,"32":9,"33":0,"34":0,"35":0,"36":9,"37":0,"38":0,"39":0,"40":9,"41":0,"42":0,"43":0,"44":0,"45":0,"46":9,"47":0,"48":0,"49":9,"50":0,"51":0,"52":9,"53":9,"54":9},"f":{"0":18,"1":9,"2":0,"3":0,"4":0,"5":0,"6":1,"7":0,"8":0,"9":0,"10":0,"11":0},"b":{"0":[9,9],"1":[18,9],"2":[0,0],"3":[0,0],"4":[0,0,0],"5":[0,0],"6":[0,0],"7":[0,0],"8":[0,0],"9":[9,0],"10":[0,9],"11":[0,9],"12":[0,0],"13":[0,0],"14":[0,0],"15":[0,0],"16":[0,9],"17":[0,9],"18":[0,9],"19":[0,9],"20":[0,9],"21":[0,9]},"meta":{"lastBranch":22,"lastFunction":12,"lastStatement":55,"seen":{"f:20:9:20:20":0,"b:21:2:21:Infinity:undefined:undefined:undefined:undefined":0,"s:21:2:21:Infinity":0,"b:21:6:21:18:21:18:21:34":1,"s:21:34:21:Infinity":1,"s:22:18:22:Infinity":2,"s:23:15:23:Infinity":3,"s:24:2:24:Infinity":4,"f:27:24:27:36":1,"s:41:2:41:Infinity":5,"s:43:35:43:Infinity":6,"s:44:30:44:Infinity":7,"s:46:18:46:Infinity":8,"s:47:8:47:Infinity":9,"s:48:8:48:Infinity":10,"s:50:24:50:Infinity":11,"s:51:25:56:Infinity":12,"s:58:34:61:Infinity":13,"f:58:34:58:35":2,"s:59:4:59:Infinity":14,"s:60:4:60:Infinity":15,"s:63:34:67:Infinity":16,"f:63:34:63:35":3,"b:64:4:66:Infinity:undefined:undefined:undefined:undefined":2,"s:64:4:66:Infinity":17,"s:65:6:65:Infinity":18,"s:69:32:71:Infinity":19,"f:69:32:69:38":4,"s:70:4:70:Infinity":20,"s:73:34:80:Infinity":21,"f:73:34:73:35":5,"b:74:4:74:Infinity:undefined:undefined:undefined:undefined":3,"s:74:4:74:Infinity":22,"b:74:8:74:32:74:32:74:49:74:49:74:64":4,"s:74:64:74:Infinity":23,"s:75:17:75:Infinity":24,"s:76:20:76:Infinity":25,"s:77:20:77:Infinity":26,"s:78:4:78:Infinity":27,"s:79:4:79:Infinity":28,"s:82:29:85:Infinity":29,"f:82:29:82:30":6,"s:83:22:83:Infinity":30,"s:84:4:84:Infinity":31,"s:87:21:93:Infinity":32,"f:87:21:87:27":7,"b:88:4:92:Infinity:90:11:92:Infinity":5,"s:88:4:92:Infinity":33,"s:89:6:89:Infinity":34,"s:91:6:91:Infinity":35,"s:95:28:99:Infinity":36,"f:95:28:95:34":8,"s:96:25:96:Infinity":37,"s:97:10:97:Infinity":38,"s:98:4:98:Infinity":39,"s:101:29:109:Infinity":40,"f:101:29:101:35":9,"b:102:4:108:Infinity:105:11:108:Infinity":6,"s:102:4:108:Infinity":41,"s:103:6:103:Infinity":42,"s:104:6:104:Infinity":43,"s:106:6:106:Infinity":44,"s:107:6:107:Infinity":45,"s:111:26:115:Infinity":46,"f:111:26:111:32":10,"b:112:4:114:Infinity:undefined:undefined:undefined:undefined":7,"s:112:4:114:Infinity":47,"s:113:6:113:Infinity":48,"s:117:27:121:Infinity":49,"f:117:27:117:33":11,"b:118:4:120:Infinity:undefined:undefined:undefined:undefined":8,"s:118:4:120:Infinity":50,"s:119:6:119:Infinity":51,"s:123:19:123:Infinity":52,"b:123:35:123:67:123:67:123:Infinity":9,"s:124:23:124:Infinity":53,"b:124:38:124:65:124:65:124:Infinity":10,"s:126:2:233:Infinity":54,"b:130:10:149:Infinity:151:10:153:Infinity":11,"b:133:16:133:Infinity:135:16:135:Infinity":12,"b:143:52:143:62:143:62:143:64":13,"b:145:36:145:45:145:45:145:Infinity":14,"b:147:52:147:69:147:69:147:77":15,"b:160:77:160:88:160:88:160:90":16,"b:164:41:164:Infinity:165:13:165:Infinity":17,"b:165:41:165:65:165:65:165:Infinity":18,"b:175:25:175:47:175:47:175:Infinity":19,"b:212:64:212:75:212:75:212:77":20,"b:220:23:220:47:220:47:220:Infinity":21}}}
,"D:\\code\\awesome-code\\music-player\\src\\components\\Sidebar.css": {"path":"D:\\code\\awesome-code\\music-player\\src\\components\\Sidebar.css","statementMap":{},"fnMap":{},"branchMap":{},"s":{},"f":{},"b":{},"meta":{"lastBranch":0,"lastFunction":0,"lastStatement":0,"seen":{}}}
,"D:\\code\\awesome-code\\music-player\\src\\components\\Sidebar.tsx": {"path":"D:\\code\\awesome-code\\music-player\\src\\components\\Sidebar.tsx","statementMap":{"0":{"start":{"line":17,"column":72},"end":{"line":17,"column":null}},"1":{"start":{"line":18,"column":50},"end":{"line":18,"column":null}},"2":{"start":{"line":19,"column":34},"end":{"line":19,"column":null}},"3":{"start":{"line":21,"column":26},"end":{"line":26,"column":null}},"4":{"start":{"line":22,"column":4},"end":{"line":22,"column":null}},"5":{"start":{"line":23,"column":4},"end":{"line":25,"column":null}},"6":{"start":{"line":24,"column":6},"end":{"line":24,"column":null}},"7":{"start":{"line":28,"column":31},"end":{"line":37,"column":null}},"8":{"start":{"line":29,"column":17},"end":{"line":29,"column":null}},"9":{"start":{"line":30,"column":4},"end":{"line":36,"column":null}},"10":{"start":{"line":39,"column":24},"end":{"line":46,"column":null}},"11":{"start":{"line":40,"column":24},"end":{"line":40,"column":null}},"12":{"start":{"line":41,"column":4},"end":{"line":45,"column":null}},"13":{"start":{"line":42,"column":6},"end":{"line":42,"column":null}},"14":{"start":{"line":43,"column":6},"end":{"line":43,"column":null}},"15":{"start":{"line":44,"column":6},"end":{"line":44,"column":null}},"16":{"start":{"line":48,"column":21},"end":{"line":48,"column":null}},"17":{"start":{"line":50,"column":2},"end":{"line":168,"column":null}},"18":{"start":{"line":65,"column":31},"end":{"line":65,"column":null}},"19":{"start":{"line":74,"column":31},"end":{"line":74,"column":null}},"20":{"start":{"line":83,"column":31},"end":{"line":83,"column":null}},"21":{"start":{"line":92,"column":31},"end":{"line":92,"column":null}},"22":{"start":{"line":101,"column":31},"end":{"line":101,"column":null}},"23":{"start":{"line":118,"column":31},"end":{"line":118,"column":null}},"24":{"start":{"line":146,"column":14},"end":{"line":151,"column":null}}},"fnMap":{"0":{"name":"Sidebar","decl":{"start":{"line":16,"column":24},"end":{"line":16,"column":34}},"loc":{"start":{"line":16,"column":34},"end":{"line":170,"column":null}},"line":16},"1":{"name":"(anonymous_1)","decl":{"start":{"line":21,"column":26},"end":{"line":21,"column":27}},"loc":{"start":{"line":21,"column":42},"end":{"line":26,"column":null}},"line":21},"2":{"name":"(anonymous_2)","decl":{"start":{"line":28,"column":31},"end":{"line":28,"column":37}},"loc":{"start":{"line":28,"column":37},"end":{"line":37,"column":null}},"line":28},"3":{"name":"(anonymous_3)","decl":{"start":{"line":39,"column":24},"end":{"line":39,"column":30}},"loc":{"start":{"line":39,"column":30},"end":{"line":46,"column":null}},"line":39},"4":{"name":"(anonymous_4)","decl":{"start":{"line":65,"column":25},"end":{"line":65,"column":31}},"loc":{"start":{"line":65,"column":31},"end":{"line":65,"column":null}},"line":65},"5":{"name":"(anonymous_5)","decl":{"start":{"line":74,"column":25},"end":{"line":74,"column":31}},"loc":{"start":{"line":74,"column":31},"end":{"line":74,"column":null}},"line":74},"6":{"name":"(anonymous_6)","decl":{"start":{"line":83,"column":25},"end":{"line":83,"column":31}},"loc":{"start":{"line":83,"column":31},"end":{"line":83,"column":null}},"line":83},"7":{"name":"(anonymous_7)","decl":{"start":{"line":92,"column":25},"end":{"line":92,"column":31}},"loc":{"start":{"line":92,"column":31},"end":{"line":92,"column":null}},"line":92},"8":{"name":"(anonymous_8)","decl":{"start":{"line":101,"column":25},"end":{"line":101,"column":31}},"loc":{"start":{"line":101,"column":31},"end":{"line":101,"column":null}},"line":101},"9":{"name":"(anonymous_9)","decl":{"start":{"line":118,"column":25},"end":{"line":118,"column":31}},"loc":{"start":{"line":118,"column":31},"end":{"line":118,"column":null}},"line":118},"10":{"name":"(anonymous_10)","decl":{"start":{"line":145,"column":27},"end":{"line":145,"column":28}},"loc":{"start":{"line":146,"column":14},"end":{"line":151,"column":null}},"line":146}},"branchMap":{"0":{"loc":{"start":{"line":23,"column":4},"end":{"line":25,"column":null}},"type":"if","locations":[{"start":{"line":23,"column":4},"end":{"line":25,"column":null}},{"start":{},"end":{}}],"line":23},"1":{"loc":{"start":{"line":41,"column":4},"end":{"line":45,"column":null}},"type":"if","locations":[{"start":{"line":41,"column":4},"end":{"line":45,"column":null}},{"start":{},"end":{}}],"line":41},"2":{"loc":{"start":{"line":64,"column":39},"end":{"line":64,"column":75}},"type":"cond-expr","locations":[{"start":{"line":64,"column":62},"end":{"line":64,"column":73}},{"start":{"line":64,"column":73},"end":{"line":64,"column":75}}],"line":64},"3":{"loc":{"start":{"line":73,"column":39},"end":{"line":73,"column":79}},"type":"cond-expr","locations":[{"start":{"line":73,"column":66},"end":{"line":73,"column":77}},{"start":{"line":73,"column":77},"end":{"line":73,"column":79}}],"line":73},"4":{"loc":{"start":{"line":82,"column":39},"end":{"line":82,"column":78}},"type":"cond-expr","locations":[{"start":{"line":82,"column":65},"end":{"line":82,"column":76}},{"start":{"line":82,"column":76},"end":{"line":82,"column":78}}],"line":82},"5":{"loc":{"start":{"line":91,"column":39},"end":{"line":91,"column":78}},"type":"cond-expr","locations":[{"start":{"line":91,"column":65},"end":{"line":91,"column":76}},{"start":{"line":91,"column":76},"end":{"line":91,"column":78}}],"line":91},"6":{"loc":{"start":{"line":100,"column":39},"end":{"line":100,"column":78}},"type":"cond-expr","locations":[{"start":{"line":100,"column":65},"end":{"line":100,"column":76}},{"start":{"line":100,"column":76},"end":{"line":100,"column":78}}],"line":100},"7":{"loc":{"start":{"line":117,"column":39},"end":{"line":117,"column":81}},"type":"cond-expr","locations":[{"start":{"line":117,"column":68},"end":{"line":117,"column":79}},{"start":{"line":117,"column":79},"end":{"line":117,"column":81}}],"line":117},"8":{"loc":{"start":{"line":122,"column":17},"end":{"line":122,"column":null}},"type":"binary-expr","locations":[{"start":{"line":122,"column":17},"end":{"line":122,"column":35}},{"start":{"line":122,"column":35},"end":{"line":122,"column":null}}],"line":122},"9":{"loc":{"start":{"line":153,"column":13},"end":{"line":156,"column":null}},"type":"binary-expr","locations":[{"start":{"line":153,"column":13},"end":{"line":153,"column":null}},{"start":{"line":154,"column":14},"end":{"line":156,"column":null}}],"line":153}},"s":{"0":10,"1":10,"2":10,"3":10,"4":1,"5":1,"6":1,"7":10,"8":0,"9":0,"10":10,"11":0,"12":0,"13":0,"14":0,"15":0,"16":10,"17":10,"18":0,"19":1,"20":0,"21":0,"22":0,"23":0,"24":0},"f":{"0":10,"1":1,"2":0,"3":0,"4":0,"5":1,"6":0,"7":0,"8":0,"9":0,"10":0},"b":{"0":[1,0],"1":[0,0],"2":[9,1],"3":[1,9],"4":[0,10],"5":[0,10],"6":[0,10],"7":[0,10],"8":[10,0],"9":[10,10]},"meta":{"lastBranch":10,"lastFunction":11,"lastStatement":25,"seen":{"f:16:24:16:34":0,"s:17:72:17:Infinity":0,"s:18:50:18:Infinity":1,"s:19:34:19:Infinity":2,"s:21:26:26:Infinity":3,"f:21:26:21:27":1,"s:22:4:22:Infinity":4,"b:23:4:25:Infinity:undefined:undefined:undefined:undefined":0,"s:23:4:25:Infinity":5,"s:24:6:24:Infinity":6,"s:28:31:37:Infinity":7,"f:28:31:28:37":2,"s:29:17:29:Infinity":8,"s:30:4:36:Infinity":9,"s:39:24:46:Infinity":10,"f:39:24:39:30":3,"s:40:24:40:Infinity":11,"b:41:4:45:Infinity:undefined:undefined:undefined:undefined":1,"s:41:4:45:Infinity":12,"s:42:6:42:Infinity":13,"s:43:6:43:Infinity":14,"s:44:6:44:Infinity":15,"s:48:21:48:Infinity":16,"s:50:2:168:Infinity":17,"b:64:62:64:73:64:73:64:75":2,"f:65:25:65:31":4,"s:65:31:65:Infinity":18,"b:73:66:73:77:73:77:73:79":3,"f:74:25:74:31":5,"s:74:31:74:Infinity":19,"b:82:65:82:76:82:76:82:78":4,"f:83:25:83:31":6,"s:83:31:83:Infinity":20,"b:91:65:91:76:91:76:91:78":5,"f:92:25:92:31":7,"s:92:31:92:Infinity":21,"b:100:65:100:76:100:76:100:78":6,"f:101:25:101:31":8,"s:101:31:101:Infinity":22,"b:117:68:117:79:117:79:117:81":7,"f:118:25:118:31":9,"s:118:31:118:Infinity":23,"b:122:17:122:35:122:35:122:Infinity":8,"f:145:27:145:28":10,"s:146:14:151:Infinity":24,"b:153:13:153:Infinity:154:14:156:Infinity":9}}}
,"D:\\code\\awesome-code\\music-player\\src\\stores\\index.ts": {"path":"D:\\code\\awesome-code\\music-player\\src\\stores\\index.ts","statementMap":{"0":{"start":{"line":30,"column":13},"end":{"line":84,"column":null}},"1":{"start":{"line":30,"column":65},"end":{"line":84,"column":2}},"2":{"start":{"line":40,"column":30},"end":{"line":40,"column":null}},"3":{"start":{"line":41,"column":31},"end":{"line":41,"column":null}},"4":{"start":{"line":42,"column":25},"end":{"line":42,"column":null}},"5":{"start":{"line":43,"column":35},"end":{"line":43,"column":null}},"6":{"start":{"line":44,"column":29},"end":{"line":44,"column":null}},"7":{"start":{"line":45,"column":37},"end":{"line":45,"column":null}},"8":{"start":{"line":46,"column":23},"end":{"line":46,"column":null}},"9":{"start":{"line":47,"column":33},"end":{"line":47,"column":null}},"10":{"start":{"line":50,"column":48},"end":{"line":50,"column":null}},"11":{"start":{"line":51,"column":4},"end":{"line":51,"column":null}},"12":{"start":{"line":51,"column":28},"end":{"line":51,"column":null}},"13":{"start":{"line":53,"column":20},"end":{"line":53,"column":null}},"14":{"start":{"line":54,"column":4},"end":{"line":60,"column":null}},"15":{"start":{"line":55,"column":6},"end":{"line":55,"column":null}},"16":{"start":{"line":56,"column":4},"end":{"line":60,"column":null}},"17":{"start":{"line":57,"column":6},"end":{"line":57,"column":null}},"18":{"start":{"line":59,"column":6},"end":{"line":59,"column":null}},"19":{"start":{"line":62,"column":4},"end":{"line":62,"column":null}},"20":{"start":{"line":66,"column":48},"end":{"line":66,"column":null}},"21":{"start":{"line":67,"column":4},"end":{"line":67,"column":null}},"22":{"start":{"line":67,"column":28},"end":{"line":67,"column":null}},"23":{"start":{"line":69,"column":20},"end":{"line":69,"column":null}},"24":{"start":{"line":70,"column":4},"end":{"line":74,"column":null}},"25":{"start":{"line":71,"column":6},"end":{"line":71,"column":null}},"26":{"start":{"line":73,"column":6},"end":{"line":73,"column":null}},"27":{"start":{"line":76,"column":4},"end":{"line":76,"column":null}},"28":{"start":{"line":79,"column":25},"end":{"line":79,"column":null}},"29":{"start":{"line":79,"column":41},"end":{"line":79,"column":76}},"30":{"start":{"line":80,"column":32},"end":{"line":82,"column":null}},"31":{"start":{"line":80,"column":48},"end":{"line":82,"column":4}},"32":{"start":{"line":81,"column":35},"end":{"line":81,"column":51}},"33":{"start":{"line":83,"column":20},"end":{"line":83,"column":null}},"34":{"start":{"line":107,"column":13},"end":{"line":196,"column":null}},"35":{"start":{"line":109,"column":19},"end":{"line":178,"column":null}},"36":{"start":{"line":117,"column":25},"end":{"line":117,"column":null}},"37":{"start":{"line":118,"column":8},"end":{"line":118,"column":null}},"38":{"start":{"line":118,"column":32},"end":{"line":118,"column":61}},"39":{"start":{"line":119,"column":8},"end":{"line":119,"column":null}},"40":{"start":{"line":122,"column":27},"end":{"line":126,"column":null}},"41":{"start":{"line":123,"column":26},"end":{"line":123,"column":null}},"42":{"start":{"line":124,"column":8},"end":{"line":124,"column":null}},"43":{"start":{"line":125,"column":8},"end":{"line":125,"column":null}},"44":{"start":{"line":128,"column":32},"end":{"line":134,"column":null}},"45":{"start":{"line":129,"column":26},"end":{"line":129,"column":null}},"46":{"start":{"line":130,"column":8},"end":{"line":130,"column":null}},"47":{"start":{"line":131,"column":28},"end":{"line":131,"column":null}},"48":{"start":{"line":132,"column":8},"end":{"line":132,"column":null}},"49":{"start":{"line":133,"column":8},"end":{"line":133,"column":null}},"50":{"start":{"line":136,"column":35},"end":{"line":136,"column":null}},"51":{"start":{"line":138,"column":33},"end":{"line":140,"column":null}},"52":{"start":{"line":138,"column":49},"end":{"line":140,"column":8}},"53":{"start":{"line":142,"column":38},"end":{"line":144,"column":null}},"54":{"start":{"line":142,"column":54},"end":{"line":144,"column":8}},"55":{"start":{"line":143,"column":47},"end":{"line":143,"column":66}},"56":{"start":{"line":146,"column":47},"end":{"line":150,"column":null}},"57":{"start":{"line":146,"column":63},"end":{"line":150,"column":8}},"58":{"start":{"line":148,"column":10},"end":{"line":148,"column":null}},"59":{"start":{"line":152,"column":39},"end":{"line":152,"column":null}},"60":{"start":{"line":153,"column":39},"end":{"line":153,"column":null}},"61":{"start":{"line":155,"column":31},"end":{"line":163,"column":null}},"62":{"start":{"line":156,"column":28},"end":{"line":156,"column":null}},"63":{"start":{"line":157,"column":8},"end":{"line":161,"column":null}},"64":{"start":{"line":158,"column":10},"end":{"line":158,"column":null}},"65":{"start":{"line":160,"column":10},"end":{"line":160,"column":null}},"66":{"start":{"line":162,"column":8},"end":{"line":162,"column":null}},"67":{"start":{"line":166,"column":8},"end":{"line":166,"column":null}},"68":{"start":{"line":170,"column":42},"end":{"line":170,"column":null}},"69":{"start":{"line":171,"column":37},"end":{"line":171,"column":null}},"70":{"start":{"line":172,"column":8},"end":{"line":175,"column":null}},"71":{"start":{"line":173,"column":24},"end":{"line":173,"column":null}},"72":{"start":{"line":174,"column":10},"end":{"line":174,"column":null}},"73":{"start":{"line":174,"column":21},"end":{"line":174,"column":null}},"74":{"start":{"line":176,"column":8},"end":{"line":176,"column":null}},"75":{"start":{"line":182,"column":28},"end":{"line":182,"column":null}},"76":{"start":{"line":183,"column":27},"end":{"line":183,"column":null}},"77":{"start":{"line":184,"column":8},"end":{"line":184,"column":null}},"78":{"start":{"line":187,"column":21},"end":{"line":187,"column":null}},"79":{"start":{"line":188,"column":8},"end":{"line":192,"column":null}},"80":{"start":{"line":204,"column":37},"end":{"line":220,"column":null}},"81":{"start":{"line":222,"column":13},"end":{"line":240,"column":null}},"82":{"start":{"line":224,"column":14},"end":{"line":237,"column":null}},"83":{"start":{"line":227,"column":35},"end":{"line":229,"column":null}},"84":{"start":{"line":227,"column":51},"end":{"line":229,"column":8}},"85":{"start":{"line":231,"column":47},"end":{"line":236,"column":null}},"86":{"start":{"line":231,"column":63},"end":{"line":236,"column":8}}},"fnMap":{"0":{"name":"(anonymous_0)","decl":{"start":{"line":30,"column":50},"end":{"line":30,"column":51}},"loc":{"start":{"line":30,"column":65},"end":{"line":84,"column":2}},"line":30},"1":{"name":"(anonymous_1)","decl":{"start":{"line":40,"column":19},"end":{"line":40,"column":20}},"loc":{"start":{"line":40,"column":30},"end":{"line":40,"column":null}},"line":40},"2":{"name":"(anonymous_2)","decl":{"start":{"line":41,"column":16},"end":{"line":41,"column":17}},"loc":{"start":{"line":41,"column":31},"end":{"line":41,"column":null}},"line":41},"3":{"name":"(anonymous_3)","decl":{"start":{"line":42,"column":13},"end":{"line":42,"column":14}},"loc":{"start":{"line":42,"column":25},"end":{"line":42,"column":null}},"line":42},"4":{"name":"(anonymous_4)","decl":{"start":{"line":43,"column":18},"end":{"line":43,"column":19}},"loc":{"start":{"line":43,"column":35},"end":{"line":43,"column":null}},"line":43},"5":{"name":"(anonymous_5)","decl":{"start":{"line":44,"column":15},"end":{"line":44,"column":16}},"loc":{"start":{"line":44,"column":29},"end":{"line":44,"column":null}},"line":44},"6":{"name":"(anonymous_6)","decl":{"start":{"line":45,"column":19},"end":{"line":45,"column":20}},"loc":{"start":{"line":45,"column":37},"end":{"line":45,"column":null}},"line":45},"7":{"name":"(anonymous_7)","decl":{"start":{"line":46,"column":12},"end":{"line":46,"column":13}},"loc":{"start":{"line":46,"column":23},"end":{"line":46,"column":null}},"line":46},"8":{"name":"(anonymous_8)","decl":{"start":{"line":47,"column":17},"end":{"line":47,"column":18}},"loc":{"start":{"line":47,"column":33},"end":{"line":47,"column":null}},"line":47},"9":{"name":"(anonymous_9)","decl":{"start":{"line":49,"column":12},"end":{"line":49,"column":18}},"loc":{"start":{"line":49,"column":18},"end":{"line":63,"column":null}},"line":49},"10":{"name":"(anonymous_10)","decl":{"start":{"line":65,"column":16},"end":{"line":65,"column":22}},"loc":{"start":{"line":65,"column":22},"end":{"line":77,"column":null}},"line":65},"11":{"name":"(anonymous_11)","decl":{"start":{"line":79,"column":14},"end":{"line":79,"column":15}},"loc":{"start":{"line":79,"column":25},"end":{"line":79,"column":null}},"line":79},"12":{"name":"(anonymous_12)","decl":{"start":{"line":79,"column":29},"end":{"line":79,"column":30}},"loc":{"start":{"line":79,"column":41},"end":{"line":79,"column":76}},"line":79},"13":{"name":"(anonymous_13)","decl":{"start":{"line":80,"column":19},"end":{"line":80,"column":20}},"loc":{"start":{"line":80,"column":32},"end":{"line":82,"column":null}},"line":80},"14":{"name":"(anonymous_14)","decl":{"start":{"line":80,"column":36},"end":{"line":80,"column":37}},"loc":{"start":{"line":80,"column":48},"end":{"line":82,"column":4}},"line":80},"15":{"name":"(anonymous_15)","decl":{"start":{"line":81,"column":30},"end":{"line":81,"column":35}},"loc":{"start":{"line":81,"column":35},"end":{"line":81,"column":51}},"line":81},"16":{"name":"(anonymous_16)","decl":{"start":{"line":83,"column":14},"end":{"line":83,"column":20}},"loc":{"start":{"line":83,"column":20},"end":{"line":83,"column":null}},"line":83},"17":{"name":"(anonymous_17)","decl":{"start":{"line":109,"column":4},"end":{"line":109,"column":5}},"loc":{"start":{"line":109,"column":19},"end":{"line":178,"column":null}},"line":109},"18":{"name":"(anonymous_18)","decl":{"start":{"line":116,"column":17},"end":{"line":116,"column":18}},"loc":{"start":{"line":116,"column":29},"end":{"line":120,"column":null}},"line":116},"19":{"name":"(anonymous_19)","decl":{"start":{"line":118,"column":23},"end":{"line":118,"column":32}},"loc":{"start":{"line":118,"column":32},"end":{"line":118,"column":61}},"line":118},"20":{"name":"(anonymous_20)","decl":{"start":{"line":122,"column":16},"end":{"line":122,"column":17}},"loc":{"start":{"line":122,"column":27},"end":{"line":126,"column":null}},"line":122},"21":{"name":"(anonymous_21)","decl":{"start":{"line":122,"column":31},"end":{"line":122,"column":32}},"loc":{"start":{"line":122,"column":42},"end":{"line":126,"column":7}},"line":122},"22":{"name":"(anonymous_22)","decl":{"start":{"line":128,"column":19},"end":{"line":128,"column":20}},"loc":{"start":{"line":128,"column":32},"end":{"line":134,"column":null}},"line":128},"23":{"name":"(anonymous_23)","decl":{"start":{"line":128,"column":36},"end":{"line":128,"column":37}},"loc":{"start":{"line":128,"column":47},"end":{"line":134,"column":7}},"line":128},"24":{"name":"(anonymous_24)","decl":{"start":{"line":136,"column":20},"end":{"line":136,"column":21}},"loc":{"start":{"line":136,"column":35},"end":{"line":136,"column":null}},"line":136},"25":{"name":"(anonymous_25)","decl":{"start":{"line":138,"column":19},"end":{"line":138,"column":20}},"loc":{"start":{"line":138,"column":33},"end":{"line":140,"column":null}},"line":138},"26":{"name":"(anonymous_26)","decl":{"start":{"line":138,"column":37},"end":{"line":138,"column":38}},"loc":{"start":{"line":138,"column":49},"end":{"line":140,"column":8}},"line":138},"27":{"name":"(anonymous_27)","decl":{"start":{"line":142,"column":22},"end":{"line":142,"column":23}},"loc":{"start":{"line":142,"column":38},"end":{"line":144,"column":null}},"line":142},"28":{"name":"(anonymous_28)","decl":{"start":{"line":142,"column":42},"end":{"line":142,"column":43}},"loc":{"start":{"line":142,"column":54},"end":{"line":144,"column":8}},"line":142},"29":{"name":"(anonymous_29)","decl":{"start":{"line":143,"column":42},"end":{"line":143,"column":47}},"loc":{"start":{"line":143,"column":47},"end":{"line":143,"column":66}},"line":143},"30":{"name":"(anonymous_30)","decl":{"start":{"line":146,"column":22},"end":{"line":146,"column":23}},"loc":{"start":{"line":146,"column":47},"end":{"line":150,"column":null}},"line":146},"31":{"name":"(anonymous_31)","decl":{"start":{"line":146,"column":51},"end":{"line":146,"column":52}},"loc":{"start":{"line":146,"column":63},"end":{"line":150,"column":8}},"line":146},"32":{"name":"(anonymous_32)","decl":{"start":{"line":147,"column":39},"end":{"line":147,"column":null}},"loc":{"start":{"line":148,"column":10},"end":{"line":148,"column":null}},"line":148},"33":{"name":"(anonymous_33)","decl":{"start":{"line":152,"column":22},"end":{"line":152,"column":23}},"loc":{"start":{"line":152,"column":39},"end":{"line":152,"column":null}},"line":152},"34":{"name":"(anonymous_34)","decl":{"start":{"line":153,"column":22},"end":{"line":153,"column":23}},"loc":{"start":{"line":153,"column":39},"end":{"line":153,"column":null}},"line":153},"35":{"name":"(anonymous_35)","decl":{"start":{"line":155,"column":18},"end":{"line":155,"column":19}},"loc":{"start":{"line":155,"column":31},"end":{"line":163,"column":null}},"line":155},"36":{"name":"(anonymous_36)","decl":{"start":{"line":155,"column":35},"end":{"line":155,"column":36}},"loc":{"start":{"line":155,"column":46},"end":{"line":163,"column":7}},"line":155},"37":{"name":"(anonymous_37)","decl":{"start":{"line":165,"column":15},"end":{"line":165,"column":16}},"loc":{"start":{"line":165,"column":28},"end":{"line":167,"column":null}},"line":165},"38":{"name":"(anonymous_38)","decl":{"start":{"line":169,"column":22},"end":{"line":169,"column":28}},"loc":{"start":{"line":169,"column":28},"end":{"line":177,"column":null}},"line":169},"39":{"name":"(anonymous_39)","decl":{"start":{"line":172,"column":30},"end":{"line":172,"column":36}},"loc":{"start":{"line":172,"column":36},"end":{"line":175,"column":9}},"line":172},"40":{"name":"(anonymous_40)","decl":{"start":{"line":181,"column":17},"end":{"line":181,"column":18}},"loc":{"start":{"line":181,"column":33},"end":{"line":185,"column":null}},"line":181},"41":{"name":"(anonymous_41)","decl":{"start":{"line":186,"column":19},"end":{"line":186,"column":20}},"loc":{"start":{"line":186,"column":28},"end":{"line":193,"column":null}},"line":186},"42":{"name":"(anonymous_42)","decl":{"start":{"line":224,"column":4},"end":{"line":224,"column":5}},"loc":{"start":{"line":224,"column":14},"end":{"line":237,"column":null}},"line":224},"43":{"name":"(anonymous_43)","decl":{"start":{"line":227,"column":22},"end":{"line":227,"column":23}},"loc":{"start":{"line":227,"column":35},"end":{"line":229,"column":null}},"line":227},"44":{"name":"(anonymous_44)","decl":{"start":{"line":227,"column":39},"end":{"line":227,"column":40}},"loc":{"start":{"line":227,"column":51},"end":{"line":229,"column":8}},"line":227},"45":{"name":"(anonymous_45)","decl":{"start":{"line":231,"column":34},"end":{"line":231,"column":35}},"loc":{"start":{"line":231,"column":47},"end":{"line":236,"column":null}},"line":231},"46":{"name":"(anonymous_46)","decl":{"start":{"line":231,"column":51},"end":{"line":231,"column":52}},"loc":{"start":{"line":231,"column":63},"end":{"line":236,"column":8}},"line":231}},"branchMap":{"0":{"loc":{"start":{"line":51,"column":4},"end":{"line":51,"column":null}},"type":"if","locations":[{"start":{"line":51,"column":4},"end":{"line":51,"column":null}},{"start":{},"end":{}}],"line":51},"1":{"loc":{"start":{"line":54,"column":4},"end":{"line":60,"column":null}},"type":"if","locations":[{"start":{"line":54,"column":4},"end":{"line":60,"column":null}},{"start":{"line":56,"column":4},"end":{"line":60,"column":null}}],"line":54},"2":{"loc":{"start":{"line":56,"column":4},"end":{"line":60,"column":null}},"type":"if","locations":[{"start":{"line":56,"column":4},"end":{"line":60,"column":null}},{"start":{"line":58,"column":11},"end":{"line":60,"column":null}}],"line":56},"3":{"loc":{"start":{"line":67,"column":4},"end":{"line":67,"column":null}},"type":"if","locations":[{"start":{"line":67,"column":4},"end":{"line":67,"column":null}},{"start":{},"end":{}}],"line":67},"4":{"loc":{"start":{"line":70,"column":4},"end":{"line":74,"column":null}},"type":"if","locations":[{"start":{"line":70,"column":4},"end":{"line":74,"column":null}},{"start":{"line":72,"column":11},"end":{"line":74,"column":null}}],"line":70},"5":{"loc":{"start":{"line":73,"column":18},"end":{"line":73,"column":null}},"type":"cond-expr","locations":[{"start":{"line":73,"column":39},"end":{"line":73,"column":58}},{"start":{"line":73,"column":58},"end":{"line":73,"column":null}}],"line":73},"6":{"loc":{"start":{"line":148,"column":10},"end":{"line":148,"column":null}},"type":"cond-expr","locations":[{"start":{"line":148,"column":32},"end":{"line":148,"column":78}},{"start":{"line":148,"column":78},"end":{"line":148,"column":null}}],"line":148},"7":{"loc":{"start":{"line":157,"column":8},"end":{"line":161,"column":null}},"type":"if","locations":[{"start":{"line":157,"column":8},"end":{"line":161,"column":null}},{"start":{"line":159,"column":15},"end":{"line":161,"column":null}}],"line":157},"8":{"loc":{"start":{"line":174,"column":10},"end":{"line":174,"column":null}},"type":"if","locations":[{"start":{"line":174,"column":10},"end":{"line":174,"column":null}},{"start":{},"end":{}}],"line":174},"9":{"loc":{"start":{"line":182,"column":39},"end":{"line":182,"column":68}},"type":"binary-expr","locations":[{"start":{"line":182,"column":39},"end":{"line":182,"column":66}},{"start":{"line":182,"column":66},"end":{"line":182,"column":68}}],"line":182},"10":{"loc":{"start":{"line":183,"column":38},"end":{"line":183,"column":63}},"type":"binary-expr","locations":[{"start":{"line":183,"column":38},"end":{"line":183,"column":61}},{"start":{"line":183,"column":61},"end":{"line":183,"column":63}}],"line":183},"11":{"loc":{"start":{"line":190,"column":26},"end":{"line":190,"column":43}},"type":"binary-expr","locations":[{"start":{"line":190,"column":26},"end":{"line":190,"column":41}},{"start":{"line":190,"column":41},"end":{"line":190,"column":43}}],"line":190},"12":{"loc":{"start":{"line":191,"column":33},"end":{"line":191,"column":57}},"type":"binary-expr","locations":[{"start":{"line":191,"column":33},"end":{"line":191,"column":55}},{"start":{"line":191,"column":55},"end":{"line":191,"column":57}}],"line":191}},"s":{"0":1,"1":1,"2":3,"3":3,"4":3,"5":0,"6":0,"7":5,"8":9,"9":5,"10":4,"11":4,"12":1,"13":3,"14":3,"15":0,"16":3,"17":1,"18":2,"19":3,"20":3,"21":3,"22":1,"23":2,"24":2,"25":0,"26":2,"27":2,"28":1,"29":1,"30":1,"31":1,"32":2,"33":1,"34":1,"35":1,"36":4,"37":4,"38":4,"39":4,"40":1,"41":1,"42":1,"43":1,"44":1,"45":1,"46":1,"47":1,"48":1,"49":1,"50":0,"51":3,"52":3,"53":1,"54":1,"55":1,"56":1,"57":1,"58":1,"59":1,"60":1,"61":4,"62":4,"63":4,"64":1,"65":3,"66":4,"67":1,"68":1,"69":1,"70":1,"71":1,"72":1,"73":1,"74":1,"75":29,"76":29,"77":29,"78":0,"79":0,"80":1,"81":1,"82":1,"83":3,"84":3,"85":2,"86":2},"f":{"0":1,"1":3,"2":3,"3":3,"4":0,"5":0,"6":5,"7":9,"8":5,"9":4,"10":3,"11":1,"12":1,"13":1,"14":1,"15":2,"16":1,"17":1,"18":4,"19":4,"20":1,"21":1,"22":1,"23":1,"24":0,"25":3,"26":3,"27":1,"28":1,"29":1,"30":1,"31":1,"32":1,"33":1,"34":1,"35":4,"36":4,"37":1,"38":1,"39":1,"40":29,"41":0,"42":1,"43":3,"44":3,"45":2,"46":2},"b":{"0":[1,3],"1":[0,3],"2":[1,2],"3":[1,2],"4":[0,2],"5":[1,1],"6":[1,0],"7":[1,3],"8":[1,0],"9":[29,29],"10":[29,29],"11":[0,0],"12":[0,0]},"meta":{"lastBranch":13,"lastFunction":47,"lastStatement":87,"seen":{"s:30:13:84:Infinity":0,"f:30:50:30:51":0,"s:30:65:84:2":1,"f:40:19:40:20":1,"s:40:30:40:Infinity":2,"f:41:16:41:17":2,"s:41:31:41:Infinity":3,"f:42:13:42:14":3,"s:42:25:42:Infinity":4,"f:43:18:43:19":4,"s:43:35:43:Infinity":5,"f:44:15:44:16":5,"s:44:29:44:Infinity":6,"f:45:19:45:20":6,"s:45:37:45:Infinity":7,"f:46:12:46:13":7,"s:46:23:46:Infinity":8,"f:47:17:47:18":8,"s:47:33:47:Infinity":9,"f:49:12:49:18":9,"s:50:48:50:Infinity":10,"b:51:4:51:Infinity:undefined:undefined:undefined:undefined":0,"s:51:4:51:Infinity":11,"s:51:28:51:Infinity":12,"s:53:20:53:Infinity":13,"b:54:4:60:Infinity:56:4:60:Infinity":1,"s:54:4:60:Infinity":14,"s:55:6:55:Infinity":15,"b:56:4:60:Infinity:58:11:60:Infinity":2,"s:56:4:60:Infinity":16,"s:57:6:57:Infinity":17,"s:59:6:59:Infinity":18,"s:62:4:62:Infinity":19,"f:65:16:65:22":10,"s:66:48:66:Infinity":20,"b:67:4:67:Infinity:undefined:undefined:undefined:undefined":3,"s:67:4:67:Infinity":21,"s:67:28:67:Infinity":22,"s:69:20:69:Infinity":23,"b:70:4:74:Infinity:72:11:74:Infinity":4,"s:70:4:74:Infinity":24,"s:71:6:71:Infinity":25,"s:73:6:73:Infinity":26,"b:73:39:73:58:73:58:73:Infinity":5,"s:76:4:76:Infinity":27,"f:79:14:79:15":11,"s:79:25:79:Infinity":28,"f:79:29:79:30":12,"s:79:41:79:76":29,"f:80:19:80:20":13,"s:80:32:82:Infinity":30,"f:80:36:80:37":14,"s:80:48:82:4":31,"f:81:30:81:35":15,"s
[...]
:{"line":201,"column":4},"end":{"line":201,"column":null}},"85":{"start":{"line":202,"column":4},"end":{"line":202,"column":null}},"86":{"start":{"line":207,"column":16},"end":{"line":207,"column":null}},"87":{"start":{"line":208,"column":2},"end":{"line":212,"column":null}},"88":{"start":{"line":209,"column":20},"end":{"line":209,"column":null}},"89":{"start":{"line":210,"column":20},"end":{"line":210,"column":null}},"90":{"start":{"line":211,"column":4},"end":{"line":211,"column":null}},"91":{"start":{"line":213,"column":2},"end":{"line":213,"column":null}},"92":{"start":{"line":217,"column":2},"end":{"line":217,"column":null}},"93":{"start":{"line":217,"column":19},"end":{"line":217,"column":null}},"94":{"start":{"line":218,"column":12},"end":{"line":218,"column":null}},"95":{"start":{"line":219,"column":16},"end":{"line":219,"column":null}},"96":{"start":{"line":220,"column":12},"end":{"line":220,"column":null}},"97":{"start":{"line":221,"column":2},"end":{"line":221,"column":null}},"98":{"start":{"line":225,"column":2},"end":{"line":225,"column":null}},"99":{"start":{"line":229,"column":19},"end":{"line":229,"column":null}},"100":{"start":{"line":229,"column":36},"end":{"line":229,"column":null}},"101":{"start":{"line":230,"column":2},"end":{"line":230,"column":null}}},"fnMap":{"0":{"name":"fetchHtml","decl":{"start":{"line":14,"column":15},"end":{"line":14,"column":25}},"loc":{"start":{"line":14,"column":55},"end":{"line":62,"column":null}},"line":14},"1":{"name":"(anonymous_1)","decl":{"start":{"line":31,"column":33},"end":{"line":31,"column":39}},"loc":{"start":{"line":31,"column":39},"end":{"line":31,"column":59}},"line":31},"2":{"name":"parseHtmlTracks","decl":{"start":{"line":64,"column":9},"end":{"line":64,"column":25}},"loc":{"start":{"line":64,"column":54},"end":{"line":152,"column":null}},"line":64},"3":{"name":"(anonymous_3)","decl":{"start":{"line":122,"column":31},"end":{"line":122,"column":32}},"loc":{"start":{"line":122,"column":44},"end":{"line":128,"column":10}},"line":122},"4":{"name":"(anonymous_4)","decl":{"start":{"line":139,"column":20},"end":{"line":139,"column":21}},"loc":{"start":{"line":139,"column":36},"end":{"line":148,"column":5}},"line":139},"5":{"name":"formatSeconds","decl":{"start":{"line":154,"column":9},"end":{"line":154,"column":23}},"loc":{"start":{"line":154,"column":48},"end":{"line":158,"column":null}},"line":154},"6":{"name":"searchTracks","decl":{"start":{"line":160,"column":22},"end":{"line":160,"column":35}},"loc":{"start":{"line":160,"column":75},"end":{"line":186,"column":null}},"line":160},"7":{"name":"(anonymous_7)","decl":{"start":{"line":175,"column":22},"end":{"line":175,"column":32}},"loc":{"start":{"line":175,"column":32},"end":{"line":181,"column":6}},"line":175},"8":{"name":"getPopularTracks","decl":{"start":{"line":188,"column":22},"end":{"line":188,"column":66}},"loc":{"start":{"line":188,"column":66},"end":{"line":204,"column":null}},"line":188},"9":{"name":"(anonymous_9)","decl":{"start":{"line":193,"column":22},"end":{"line":193,"column":32}},"loc":{"start":{"line":193,"column":32},"end":{"line":199,"column":6}},"line":193},"10":{"name":"formatDuration","decl":{"start":{"line":206,"column":16},"end":{"line":206,"column":31}},"loc":{"start":{"line":206,"column":57},"end":{"line":214,"column":null}},"line":206},"11":{"name":"formatFileSize","decl":{"start":{"line":216,"column":16},"end":{"line":216,"column":31}},"loc":{"start":{"line":216,"column":54},"end":{"line":222,"column":null}},"line":216},"12":{"name":"formatSpeed","decl":{"start":{"line":224,"column":16},"end":{"line":224,"column":28}},"loc":{"start":{"line":224,"column":60},"end":{"line":226,"column":null}},"line":224},"13":{"name":"getDownloadFileName","decl":{"start":{"line":228,"column":16},"end":{"line":228,"column":36}},"loc":{"start":{"line":228,"column":66},"end":{"line":231,"column":null}},"line":228},"14":{"name":"(anonymous_14)","decl":{"start":{"line":229,"column":19},"end":{"line":229,"column":20}},"loc":{"start":{"line":229,"column":36},"end":{"line":229,"column":null}},"line":229}},"branchMap":{"0":{"loc":{"start":{"line":15,"column":2},"end":{"line":61,"column":null}},"type":"if","locations":[{"start":{"line":15,"column":2},"end":{"line":61,"column":null}},{"start":{"line":29,"column":9},"end":{"line":61,"column":null}}],"line":15},"1":{"loc":{"start":{"line":15,"column":6},"end":{"line":15,"column":58}},"type":"binary-expr","locations":[{"start":{"line":15,"column":6},"end":{"line":15,"column":28}},{"start":{"line":15,"column":28},"end":{"line":15,"column":58}}],"line":15},"2":{"loc":{"start":{"line":19,"column":4},"end":{"line":21,"column":null}},"type":"if","locations":[{"start":{"line":19,"column":4},"end":{"line":21,"column":null}},{"start":{},"end":{}}],"line":19},"3":{"loc":{"start":{"line":22,"column":4},"end":{"line":24,"column":null}},"type":"if","locations":[{"start":{"line":22,"column":4},"end":{"line":24,"column":null}},{"start":{},"end":{}}],"line":22},"4":{"loc":{"start":{"line":22,"column":8},"end":{"line":22,"column":51}},"type":"binary-expr","locations":[{"start":{"line":22,"column":8},"end":{"line":22,"column":27}},{"start":{"line":22,"column":27},"end":{"line":22,"column":51}}],"line":22},"5":{"loc":{"start":{"line":25,"column":4},"end":{"line":27,"column":null}},"type":"if","locations":[{"start":{"line":25,"column":4},"end":{"line":27,"column":null}},{"start":{},"end":{}}],"line":25},"6":{"loc":{"start":{"line":45,"column":6},"end":{"line":47,"column":null}},"type":"if","locations":[{"start":{"line":45,"column":6},"end":{"line":47,"column":null}},{"start":{},"end":{}}],"line":45},"7":{"loc":{"start":{"line":50,"column":6},"end":{"line":52,"column":null}},"type":"if","locations":[{"start":{"line":50,"column":6},"end":{"line":52,"column":null}},{"start":{},"end":{}}],"line":50},"8":{"loc":{"start":{"line":56,"column":6},"end":{"line":58,"column":null}},"type":"if","locations":[{"start":{"line":56,"column":6},"end":{"line":58,"column":null}},{"start":{},"end":{}}],"line":56},"9":{"loc":{"start":{"line":81,"column":6},"end":{"line":85,"column":null}},"type":"if","locations":[{"start":{"line":81,"column":6},"end":{"line":85,"column":null}},{"start":{},"end":{}}],"line":81},"10":{"loc":{"start":{"line":81,"column":10},"end":{"line":81,"column":64}},"type":"binary-expr","locations":[{"start":{"line":81,"column":10},"end":{"line":81,"column":25}},{"start":{"line":81,"column":25},"end":{"line":81,"column":64}}],"line":81},"11":{"loc":{"start":{"line":87,"column":6},"end":{"line":89,"column":null}},"type":"if","locations":[{"start":{"line":87,"column":6},"end":{"line":89,"column":null}},{"start":{},"end":{}}],"line":87},"12":{"loc":{"start":{"line":87,"column":10},"end":{"line":87,"column":57}},"type":"binary-expr","locations":[{"start":{"line":87,"column":10},"end":{"line":87,"column":26}},{"start":{"line":87,"column":26},"end":{"line":87,"column":57}}],"line":87},"13":{"loc":{"start":{"line":91,"column":25},"end":{"line":92,"column":null}},"type":"binary-expr","locations":[{"start":{"line":91,"column":25},"end":{"line":91,"column":null}},{"start":{"line":92,"column":25},"end":{"line":92,"column":null}}],"line":91},"14":{"loc":{"start":{"line":93,"column":26},"end":{"line":95,"column":null}},"type":"binary-expr","locations":[{"start":{"line":93,"column":26},"end":{"line":93,"column":null}},{"start":{"line":94,"column":26},"end":{"line":94,"column":null}},{"start":{"line":95,"column":26},"end":{"line":95,"column":null}}],"line":93},"15":{"loc":{"start":{"line":96,"column":28},"end":{"line":99,"column":null}},"type":"binary-expr","locations":[{"start":{"line":96,"column":28},"end":{"line":96,"column":null}},{"start":{"line":97,"column":28},"end":{"line":97,"column":null}},{"start":{"line":98,"column":28},"end":{"line":98,"column":null}},{"start":{"line":99,"column":28},"end":{"line":99,"column":null}}],"line":96},"16":{"loc":{"start":{"line":104,"column":14},"end":{"line":104,"column":null}},"type":"binary-expr","locations":[{"start":{"line":104,"column":14},"end":{"line":104,"column":20}},{"start":{"line":104,"column":20},"end":{"line":104,"column":null}}],"line":104},"17":{"loc":{"start":{"line":105,"column":17},"end":{"line":105,"column":null}},"type":"cond-expr","locations":[{"start":{"line":105,"column":30},"end":{"line":105,"column":53}},{"start":{"line":105,"column":53},"end":{"line":105,"column":null}}],"line":105},"18":{"loc":{"start":{"line":106,"column":18},"end":{"line":106,"column":null}},"type":"cond-expr","locations":[{"start":{"line":106,"column":32},"end":{"line":106,"column":56}},{"start":{"line":106,"column":56},"end":{"line":106,"column":null}}],"line":106},"19":{"loc":{"start":{"line":107,"column":20},"end":{"line":107,"column":null}},"type":"cond-expr","locations":[{"start":{"line":107,"column":36},"end":{"line":107,"column":62}},{"start":{"line":107,"column":62},"end":{"line":107,"column":null}}],"line":107},"20":{"loc":{"start":{"line":114,"column":4},"end":{"line":114,"column":null}},"type":"if","locations":[{"start":{"line":114,"column":4},"end":{"line":114,"column":null}},{"start":{},"end":{}}],"line":114},"21":{"loc":{"start":{"line":118,"column":2},"end":{"line":133,"column":null}},"type":"if","locations":[{"start":{"line":118,"column":2},"end":{"line":133,"column":null}},{"start":{},"end":{}}],"line":118},"22":{"loc":{"start":{"line":118,"column":6},"end":{"line":118,"column":40}},"type":"binary-expr","locations":[{"start":{"line":118,"column":6},"end":{"line":118,"column":19}},{"start":{"line":118,"column":19},"end":{"line":118,"column":40}}],"line":118},"23":{"loc":{"start":{"line":121,"column":6},"end":{"line":129,"column":null}},"type":"if","locations":[{"start":{"line":121,"column":6},"end":{"line":129,"column":null}},{"start":{},"end":{}}],"line":121},"24":{"loc":{"start":{"line":121,"column":10},"end":{"line":121,"column":53}},"type":"binary-expr","locations":[{"start":{"line":121,"column":10},"end":{"line":121,"column":25}},{"start":{"line":121,"column":25},"end":{"line":121,"column":53}}],"line":121},"25":{"loc":{"start":{"line":123,"column":14},"end":{"line":123,"column":null}},"type":"binary-expr","locations":[{"start":{"line":123,"column":14},"end":{"line":123,"column":22}},{"start":{"line":123,"column":22},"end":{"line":123,"column":35}},{"start":{"line":123,"column":35},"end":{"line":123,"column":null}}],"line":123},"26":{"loc":{"start":{"line":124,"column":17},"end":{"line":124,"column":null}},"type":"binary-expr","locations":[{"start":{"line":124,"column":17},"end":{"line":124,"column":28}},{"start":{"line":124,"column":28},"end":{"line":124,"column":38}},{"start":{"line":124,"column":38},"end":{"line":124,"column":null}}],"line":124},"27":{"loc":{"start":{"line":125,"column":18},"end":{"line":125,"column":null}},"type":"binary-expr","locations":[{"start":{"line":125,"column":18},"end":{"line":125,"column":30}},{"start":{"line":125,"column":30},"end":{"line":125,"column":42}},{"start":{"line":125,"column":42},"end":{"line":125,"column":null}}],"line":125},"28":{"loc":{"start":{"line":126,"column":20},"end":{"line":126,"column":null}},"type":"cond-expr","locations":[{"start":{"line":126,"column":33},"end":{"line":126,"column":61}},{"start":{"line":126,"column":61},"end":{"line":126,"column":null}}],"line":126},"29":{"loc":{"start":{"line":127,"column":23},"end":{"line":127,"column":null}},"type":"binary-expr","locations":[{"start":{"line":127,"column":23},"end":{"line":127,"column":32}},{"start":{"line":127,"column":32},"end":{"line":127,"column":49}},{"start":{"line":127,"column":49},"end":{"line":127,"column":64}},{"start":{"line":127,"column":64},"end":{"line":127,"column":null}}],"line":127},"30":{"loc":{"start":{"line":136,"column":18},"end":{"line":136,"column":null}},"type":"binary-expr","locations":[{"start":{"line":136,"column":18},"end":{"line":136,"column":44}},{"start":{"line":136,"column":44},"end":{"line":136,"column":null}}],"line":136},"31":{"loc":{"start":{"line":138,"column":2},"end":{"line":149,"column":null}},"type":"if","locations":[{"start":{"line":138,"column":2},"end":{"line":149,"column":null}},{"start":{},"end":{}}],"line":138},"32":{"loc":{"start":{"line":138,"column":6},"end":{"line":138,"column":49}},"type":"binary-expr","locations":[{"start":{"line":138,"column":6},"end":{"line":138,"column":29}},{"start":{"line":138,"column":29},"end":{"line":138,"column":49}}],"line":138},"33":{"loc":{"start":{"line":161,"column":2},"end":{"line":163,"column":null}},"type":"if","locations":[{"start":{"line":161,"column":2},"end":{"line":163,"column":null}},{"start":{},"end":{}}],"line":161},"34":{"loc":{"start":{"line":171,"column":4},"end":{"line":173,"column":null}},"type":"if","locations":[{"start":{"line":171,"column":4},"end":{"line":173,"column":null}},{"start":{},"end":{}}],"line":171},"35":{"loc":{"start":{"line":184,"column":29},"end":{"line":184,"column":52}},"type":"binary-expr","locations":[{"start":{"line":184,"column":29},"end":{"line":184,"column":46}},{"start":{"line":184,"column":46},"end":{"line":184,"column":52}}],"line":184},"36":{"loc":{"start":{"line":202,"column":33},"end":{"line":202,"column":56}},"type":"binary-expr","locations":[{"start":{"line":202,"column":33},"end":{"line":202,"column":50}},{"start":{"line":202,"column":50},"end":{"line":202,"column":56}}],"line":202},"37":{"loc":{"start":{"line":208,"column":2},"end":{"line":212,"column":null}},"type":"if","locations":[{"start":{"line":208,"column":2},"end":{"line":212,"column":null}},{"start":{},"end":{}}],"line":208},"38":{"loc":{"start":{"line":217,"column":2},"end":{"line":217,"column":null}},"type":"if","locations":[{"start":{"line":217,"column":2},"end":{"line":217,"column":null}},{"start":{},"end":{}}],"line":217}},"s":{"0":2,"1":2,"2":4,"3":4,"4":4,"5":2,"6":2,"7":0,"8":2,"9":0,"10":2,"11":0,"12":0,"13":0,"14":0,"15":0,"16":0,"17":0,"18":0,"19":0,"20":0,"21":0,"22":0,"23":0,"24":0,"25":0,"26":0,"27":2,"28":2,"29":2,"30":8,"31":0,"32":0,"33":0,"34":0,"35":0,"36":0,"37":0,"38":0,"39":0,"40":0,"41":0,"42":0,"43":0,"44":0,"45":0,"46":0,"47":8,"48":0,"49":2,"50":2,"51":0,"52":0,"53":0,"54":0,"55":0,"56":0,"57":2,"58":2,"59":2,"60":0,"61":0,"62":0,"63":2,"64":0,"65":0,"66":0,"67":4,"68":2,"69":2,"70":2,"71":2,"72":1,"73":1,"74":1,"75":1,"76":0,"77":1,"78":1,"79":2,"80":2,"81":1,"82":1,"83":0,"84":1,"85":1,"86":5,"87":5,"88":3,"89":3,"90":3,"91":2,"92":9,"93":1,"94":8,"95":8,"96":8,"97":8,"98":2,"99":3,"100":6,"101":3},"f":{"0":4,"1":0,"2":2,"3":0,"4":0,"5":0,"6":4,"7":0,"8":2,"9":0,"10":5,"11":9,"12":2,"13":3,"14":6},"b":{"0":[4,0],"1":[4,4],"2":[2,2],"3":[0,2],"4":[2,2],"5":[0,2],"6":[0,0],"7":[0,0],"8":[0,0],"9":[0,0],"10":[0,0],"11":[0,0],"12":[0,0],"13":[0,0],"14":[0,0,0],"15":[0,0,0,0],"16":[0,0],"17":[0,0],"18":[0,0],"19":[0,0],"20":[0,8],"21":[0,2],"22":[2,0],"23":[0,0],"24":[0,0],"25":[0,0,0],"26":[0,0,0],"27":[0,0,0],"28":[0,0],"29":[0,0,0,0],"30":[2,2],"31":[0,2],"32":[2,2],"33":[2,2],"34":[1,0],"35":[1,0],"36":[1,0],"37":[3,2],"38":[1,8]},"meta":{"lastBranch":39,"lastFunction":15,"lastStatement":102,"seen":{"s:3:17:3:Infinity":0,"s:4:23:4:Infinity":1,"f:14:15:14:25":0,"b:15:2:61:Infinity:29:9:61:Infinity":0,"s:15:2:61:Infinity":2,"b:15:6:15:28:15:28:15:58":1,"s:16:21:18:Infinity":3,"b:19:4:21:Infinity:undefined:undefined:undefined:undefined":2,"s:19:4:21:Infinity":4,"s:20:6:20:Infinity":5,"b:22:4:24:Infinity:undefined:undefined:undefined:undefined":3,"s:22:4:24:Infinity":6,"b:22:8:22:27:22:27:22:51":4,"s:23:6:23:Infinity":7,"b:25:4:27:Infinity:undefined:undefined:undefined:undefined":5,"s:25:4:27:Infinity":8,"s:26:6:26:Infinity":9,"s:28:4:28:Infinity":10,"s:30:23:30:Infinity":11,"s:31:22:31:Infinity":12,"f:31:33:31:39":1,"s:31:39:31:59":13,"s:33:4:60:Infinity":14,"s:34:23:42:Infinity":15,"s:43:6:43:Infinity":16,"b:45:6:47:Infinity:undefined:undefined:undefined:undefined":6,"s:45:6:47:Infinity":17,"s:46:8:46:Infinity":18,"s:49:19:49:Infinity":19,"b:50:6:52:Infinity:undefined:undefined:undefined:undefined":7,"s:50:6:52:Infinity":20,"s:51:8:51:Infinity":21,"s:53:6:53:Infinity":22,"s:55:6:55:Infinity":23,"b:56:6:58:Infinity:undefined:undefined:undefined:undefined":8,"s:56:6:58:Infinity":24,"s:57:8:57:Infinity":25,"s:59:6:59:Infinity":26,"f:64:9:64:25":2,"s:65:32:65:Infinity":27,"s:67:19:72:Infinity":28,"s:74:2:115:Infinity":29,"s:76:4:113:Infinity":30,"s:77:15:77:Infinity":31,"s:78:24:78:Infinity":32,"s:79:22:79:Infinity":33,"b:81:6:85:Infinity:undefined:undefined:undefined:undefined":9,"s:81:6:85:Infinity":34,"b:81:10:81:25:81:25:81:64":10,"s:82:21:82:Infinity":35,"s:83:8:83:Infinity":36,"s:84:8:84:Infinity":37,"b:87:6:89:Infinity:undefined:undefined:undefined:undefined":11,"s:87:6:89:Infinity":38,"b:87:10:87:26:87:26:87:57":12,"s:88:8:88:Infinity":39,"s:91:25:92:Infinity":40,"b:91:25:91:Infinity:92:25:92:Infinity":13,"s:93:26:95:Infinity":41,"b:93:26:93:Infinity:94:26:94:Infinity:95:26:95:Infinity":14,"s:96:28:99:Infinity":42,"b:96:28:96:Infinity:97:28:97:Infinity:98:28:98:Infinity:99:28:99:Infinity":15,"s:101:6:112:Infinity":43,"s:102:27:102:Infinity":44,"s:103:8:109:Infinity":45,"b:104:14:104:20:104:20:104:Infinity":16,"b:105:30:105:53:105:53:105:Infinity":17,"b:106:32:106:56:106:56:106:Infinity":18,"b:107:36:107:62:107:62:107:Infinity":19,"s:111:8:111:Infinity":46,"b:114:4:114:Infinity:undefined:undefined:undefined:undefined":20,"s:114:4:114:Infinity":47,"s:114:27:114:Infinity":48,"s:117:20:117:Infinity":49,"b:118:2:133:Infinity:undefined:undefined:undefined:undefined":21,"s:118:2:133:Infinity":50,"b:118:6:118:19:118:19:118:40":22,"s:119:4:132:Infinity":51,"s:120:19:120:Infinity":52,"b:121:6:129:Infinity:undefined:undefined:undefined:undefined":23,"s:121:6:129:Infinity":53,"b:121:10:121:25:121:25:121:53":24,"s:122:8:128:Infinity":54,"f:122:31:122:32":3,"s:122:44:128:10":55,"b:123:14:123:22:123:22:123:35:123:35:123:Infinity":25,"b:124:17:124:28:124:28:124:38:124:38:124:Infinity":26,"b:125:18:125:30:125:30:125:42:125:42:125:Infinity":27,"b:126:33:126:61:126:61:126:Infinity":28,"b:127:23:127:32:127:32:127:49:127:49:127:64:127:64:127:Infinity":29,"s:131:6:131:Infinity":56,"s:135:21:135:Infinity":57,"s:136:18:136:Infinity":58,"b:136:18:136:44:136:44:136:Infinity":30,"b:138:2:149:Infinity:undefined:undefined:undefined:undefined":31,"s:138:2:149:Infinity":59,"b:138:6:138:29:138:29:138:49":32,"s:139:4:148:Infinity":60,"f:139:20:139:21":4,"s:140:23:140:Infinity":61,"s:141:6:147:Infinity":62,"s:151:2:151:Infinity":63,"f:154:9:154:23":5,"s:155:15:155:Infinity":64,"s:156:15:156:Infinity":65,"s:157:2:157:Infinity":66,"f:160:22:160:35":6,"b:161:2:163:Infinity:undefined:undefined:undefined:undefined":33,"s:161:2:163:Infinity":67,"s:162:4:162:Infinity":68,"s:165:2:185:Infinity":69,"s:166:22:166:Infinity":70,"s:168:17:168:Infinity":71,"s:169:19:169:Infinity":72,"b:171:4:173:Infinity:undefined:undefined:undefined:undefined":34,"s:171:4:173:Infinity":73,"s:172:6:172:Infinity":74,"s:175:4:181:Infinity":75,"f:175:22:175:32":7,"s:175:32:181:6":76,"s:183:4:183:Infinity":77,"s:184:4:184:Infinity":78,"b:184:29:184:46:184:46:184:52":35,"f:188:22:188:66":8,"s:189:2:203:Infinity":79,"s:190:17:190:Infinity":80,"s:191:19:191:Infinity":81,"s:193:4:199:Infinity":82,"f:193:22:193:32":9,"s:193:32:199:6":83,"s:201:4:201:Infinity":84,"s:202:4:202:Infinity":85,"b:202:33:202:50:202:50:202:56":36,"f:206:16:206:31":10,"s:207:16:207:Infinity":86,"b:208:2:212:Infinity:undefined:undefined:undefined:undefined":37,"s:208:2:212:Infinity":87,"s:209:20:209:Infinity":88,"s:210:20:210:Infinity":89,"s:211:4:211:Infinity":90,"s:213:2:213:Infinity":91,"f:216:16:216:31":11,"b:217:2:217:Infinity:undefined:undefined:undefined:undefined":38,"s:217:2:217:Infinity":92,"s:217:19:217:Infinity":93,"s:218:12:218:Infinity":94,"s:219:16:219:Infinity":95,"s:220:12:220:Infinity":96,"s:221:2:221:Infinity":97,"f:224:16:224:28":12,"s:225:2:225:Infinity":98,"f:228:16:228:36":13,"s:229:19:229:Infinity":99,"f:229:19:229:20":14,"s:229:36:229:Infinity":100,"s:230:2:230:Infinity":101}}}
}
